[2026-03-27 12:53:46] Loading datasets
[2026-03-27 12:53:59] Loading cascade config
[2026-03-27 12:53:59] Preparing train/val/test split
[2026-03-27 12:54:09] TRAIN: (31111, 17392)
[2026-03-27 12:54:09] VAL: (7779, 17392)
[2026-03-27 12:54:09] TEST_BULK: (5337, 17392)
[2026-03-27 12:54:09] Using strict OOF cascade with 3 folds
[2026-03-27 12:54:09] Fast mode: one Optuna study per stage | device=cuda tree_method=hist n_trials=5 tuning_targets_per_stage=3
[2026-03-27 12:54:09] === stage_1 | targets=55 ===
[2026-03-27 12:54:09] [stage_1] tuning one Optuna study for stage on targets=['hsa-let-7b', 'hsa-let-7c', 'hsa-let-7d']
[2026-03-27 12:59:05] [stage_1] stage-level params selected | best_score=0.8385
[2026-03-27 12:59:05] [stage_1 1/55] target=hsa-let-7b | building features
[2026-03-27 12:59:06] [stage_1] target=hsa-let-7b | n_features=549 (mrna=549, cascade=0, missing=0)
[2026-03-27 12:59:47] [stage_1] target=hsa-let-7b | train_oof_r2=0.7961 train_oof_spearman=0.9221 | val_r2=0.7890 val_spearman=0.9223 | test_bulk_r2=0.7174 test_bulk_spearman=0.8489
[2026-03-27 12:59:47] [stage_1 2/55] target=hsa-let-7c | building features
[2026-03-27 12:59:49] [stage_1] target=hsa-let-7c | n_features=562 (mrna=562, cascade=0, missing=0)
[2026-03-27 13:00:31] [stage_1] target=hsa-let-7c | train_oof_r2=0.8235 train_oof_spearman=0.8890 | val_r2=0.8287 val_spearman=0.8911 | test_bulk_r2=0.9544 test_bulk_spearman=0.9574
[2026-03-27 13:00:31] [stage_1 3/55] target=hsa-let-7d | building features
[2026-03-27 13:00:32] [stage_1] target=hsa-let-7d | n_features=349 (mrna=349, cascade=0, missing=0)
[2026-03-27 13:01:00] [stage_1] target=hsa-let-7d | train_oof_r2=0.7314 train_oof_spearman=0.8691 | val_r2=0.7276 val_spearman=0.8647 | test_bulk_r2=0.7829 test_bulk_spearman=0.8912
[2026-03-27 13:01:00] [stage_1 4/55] target=hsa-let-7g | building features
[2026-03-27 13:01:00] [stage_1] target=hsa-let-7g | n_features=237 (mrna=237, cascade=0, missing=0)
[2026-03-27 13:01:21] [stage_1] target=hsa-let-7g | train_oof_r2=0.7483 train_oof_spearman=0.9175 | val_r2=0.7616 val_spearman=0.9187 | test_bulk_r2=0.9513 test_bulk_spearman=0.9445
[2026-03-27 13:01:21] [stage_1 5/55] target=hsa-let-7i | building features
[2026-03-27 13:01:22] [stage_1] target=hsa-let-7i | n_features=478 (mrna=478, cascade=0, missing=0)
[2026-03-27 13:01:57] [stage_1] target=hsa-let-7i | train_oof_r2=0.9281 train_oof_spearman=0.9597 | val_r2=0.9247 val_spearman=0.9597 | test_bulk_r2=0.9696 test_bulk_spearman=0.9668
[2026-03-27 13:01:57] [stage_1 6/55] target=hsa-mir-100 | building features
[2026-03-27 13:01:59] [stage_1] target=hsa-mir-100 | n_features=810 (mrna=810, cascade=0, missing=0)
[2026-03-27 13:02:59] [stage_1] target=hsa-mir-100 | train_oof_r2=0.8732 train_oof_spearman=0.9644 | val_r2=0.8833 val_spearman=0.9656 | test_bulk_r2=0.8974 test_bulk_spearman=0.9469
[2026-03-27 13:02:59] [stage_1 7/55] target=hsa-mir-106a | building features
[2026-03-27 13:03:00] [stage_1] target=hsa-mir-106a | n_features=472 (mrna=472, cascade=0, missing=0)
[2026-03-27 13:03:36] [stage_1] target=hsa-mir-106a | train_oof_r2=0.9866 train_oof_spearman=0.9511 | val_r2=0.9859 val_spearman=0.9482 | test_bulk_r2=0.9340 test_bulk_spearman=0.9007
[2026-03-27 13:03:36] [stage_1 8/55] target=hsa-mir-1301 | building features
[2026-03-27 13:03:37] [stage_1] target=hsa-mir-1301 | n_features=519 (mrna=519, cascade=0, missing=0)
[2026-03-27 13:04:16] [stage_1] target=hsa-mir-1301 | train_oof_r2=0.8574 train_oof_spearman=0.9073 | val_r2=0.8659 val_spearman=0.9162 | test_bulk_r2=0.8758 test_bulk_spearman=0.9346
[2026-03-27 13:04:16] [stage_1 9/55] target=hsa-mir-130a | building features
[2026-03-27 13:04:17] [stage_1] target=hsa-mir-130a | n_features=311 (mrna=311, cascade=0, missing=0)
[2026-03-27 13:04:42] [stage_1] target=hsa-mir-130a | train_oof_r2=0.8072 train_oof_spearman=0.8767 | val_r2=0.8296 val_spearman=0.8841 | test_bulk_r2=0.7006 test_bulk_spearman=0.8566
[2026-03-27 13:04:42] [stage_1 10/55] target=hsa-mir-135b | building features
[2026-03-27 13:04:44] [stage_1] target=hsa-mir-135b | n_features=643 (mrna=643, cascade=0, missing=0)
[2026-03-27 13:05:32] [stage_1] target=hsa-mir-135b | train_oof_r2=0.7832 train_oof_spearman=0.8680 | val_r2=0.7717 val_spearman=0.8634 | test_bulk_r2=0.8869 test_bulk_spearman=0.9322
[2026-03-27 13:05:32] [stage_1 11/55] target=hsa-mir-142 | building features
[2026-03-27 13:05:33] [stage_1] target=hsa-mir-142 | n_features=672 (mrna=672, cascade=0, missing=0)
[2026-03-27 13:06:25] [stage_1] target=hsa-mir-142 | train_oof_r2=0.9279 train_oof_spearman=0.9530 | val_r2=0.9326 val_spearman=0.9548 | test_bulk_r2=0.9143 test_bulk_spearman=0.9474
[2026-03-27 13:06:25] [stage_1 12/55] target=hsa-mir-144 | building features
[2026-03-27 13:06:26] [stage_1] target=hsa-mir-144 | n_features=447 (mrna=447, cascade=0, missing=0)
[2026-03-27 13:07:01] [stage_1] target=hsa-mir-144 | train_oof_r2=0.7793 train_oof_spearman=0.8851 | val_r2=0.7827 val_spearman=0.8854 | test_bulk_r2=0.7894 test_bulk_spearman=0.8717
[2026-03-27 13:07:01] [stage_1 13/55] target=hsa-mir-145 | building features
[2026-03-27 13:07:01] [stage_1] target=hsa-mir-145 | n_features=179 (mrna=179, cascade=0, missing=0)
[2026-03-27 13:07:17] [stage_1] target=hsa-mir-145 | train_oof_r2=0.9059 train_oof_spearman=0.9293 | val_r2=0.9110 val_spearman=0.9320 | test_bulk_r2=0.9046 test_bulk_spearman=0.9440
[2026-03-27 13:07:17] [stage_1 14/55] target=hsa-mir-146b | building features
[2026-03-27 13:07:18] [stage_1] target=hsa-mir-146b | n_features=509 (mrna=509, cascade=0, missing=0)
[2026-03-27 13:07:57] [stage_1] target=hsa-mir-146b | train_oof_r2=0.7543 train_oof_spearman=0.8391 | val_r2=0.7590 val_spearman=0.8396 | test_bulk_r2=0.9253 test_bulk_spearman=0.9550
[2026-03-27 13:07:57] [stage_1 15/55] target=hsa-mir-148a | building features
[2026-03-27 13:07:58] [stage_1] target=hsa-mir-148a | n_features=476 (mrna=476, cascade=0, missing=0)
[2026-03-27 13:08:34] [stage_1] target=hsa-mir-148a | train_oof_r2=0.8277 train_oof_spearman=0.9173 | val_r2=0.8340 val_spearman=0.9226 | test_bulk_r2=0.8402 test_bulk_spearman=0.9141
[2026-03-27 13:08:34] [stage_1 16/55] target=hsa-mir-152 | building features
[2026-03-27 13:08:36] [stage_1] target=hsa-mir-152 | n_features=429 (mrna=429, cascade=0, missing=0)
[2026-03-27 13:09:08] [stage_1] target=hsa-mir-152 | train_oof_r2=0.7547 train_oof_spearman=0.8939 | val_r2=0.7743 val_spearman=0.9050 | test_bulk_r2=0.9174 test_bulk_spearman=0.9491
[2026-03-27 13:09:08] [stage_1 17/55] target=hsa-mir-17 | building features
[2026-03-27 13:09:09] [stage_1] target=hsa-mir-17 | n_features=478 (mrna=478, cascade=0, missing=0)
[2026-03-27 13:09:44] [stage_1] target=hsa-mir-17 | train_oof_r2=0.9982 train_oof_spearman=0.9557 | val_r2=0.9984 val_spearman=0.9540 | test_bulk_r2=0.9945 test_bulk_spearman=0.9064
[2026-03-27 13:09:44] [stage_1 18/55] target=hsa-mir-18a | building features
[2026-03-27 13:09:45] [stage_1] target=hsa-mir-18a | n_features=400 (mrna=400, cascade=0, missing=0)
[2026-03-27 13:10:17] [stage_1] target=hsa-mir-18a | train_oof_r2=0.9850 train_oof_spearman=0.9441 | val_r2=0.9854 val_spearman=0.9451 | test_bulk_r2=0.8639 test_bulk_spearman=0.8897
[2026-03-27 13:10:17] [stage_1 19/55] target=hsa-mir-193a | building features
[2026-03-27 13:10:18] [stage_1] target=hsa-mir-193a | n_features=421 (mrna=421, cascade=0, missing=0)
[2026-03-27 13:10:51] [stage_1] target=hsa-mir-193a | train_oof_r2=0.7890 train_oof_spearman=0.8551 | val_r2=0.8087 val_spearman=0.8683 | test_bulk_r2=0.8159 test_bulk_spearman=0.8607
[2026-03-27 13:10:51] [stage_1 20/55] target=hsa-mir-19a | building features
[2026-03-27 13:10:52] [stage_1] target=hsa-mir-19a | n_features=427 (mrna=427, cascade=0, missing=0)
[2026-03-27 13:11:25] [stage_1] target=hsa-mir-19a | train_oof_r2=0.9854 train_oof_spearman=0.9336 | val_r2=0.9850 val_spearman=0.9348 | test_bulk_r2=0.7739 test_bulk_spearman=0.8595
[2026-03-27 13:11:25] [stage_1 21/55] target=hsa-mir-20a | building features
[2026-03-27 13:11:26] [stage_1] target=hsa-mir-20a | n_features=510 (mrna=510, cascade=0, missing=0)
[2026-03-27 13:12:05] [stage_1] target=hsa-mir-20a | train_oof_r2=0.9898 train_oof_spearman=0.9318 | val_r2=0.9897 val_spearman=0.9324 | test_bulk_r2=0.8336 test_bulk_spearman=0.8584
[2026-03-27 13:12:05] [stage_1 22/55] target=hsa-mir-21 | building features
[2026-03-27 13:12:06] [stage_1] target=hsa-mir-21 | n_features=750 (mrna=750, cascade=0, missing=0)
[2026-03-27 13:13:03] [stage_1] target=hsa-mir-21 | train_oof_r2=0.9933 train_oof_spearman=0.9835 | val_r2=0.9934 val_spearman=0.9842 | test_bulk_r2=0.9892 test_bulk_spearman=0.9663
[2026-03-27 13:13:03] [stage_1 23/55] target=hsa-mir-224 | building features
[2026-03-27 13:13:04] [stage_1] target=hsa-mir-224 | n_features=306 (mrna=306, cascade=0, missing=0)
[2026-03-27 13:13:29] [stage_1] target=hsa-mir-224 | train_oof_r2=0.8312 train_oof_spearman=0.9010 | val_r2=0.8423 val_spearman=0.9062 | test_bulk_r2=0.9018 test_bulk_spearman=0.9534
[2026-03-27 13:13:29] [stage_1 24/55] target=hsa-mir-23a | building features
[2026-03-27 13:13:31] [stage_1] target=hsa-mir-23a | n_features=647 (mrna=647, cascade=0, missing=0)
[2026-03-27 13:14:21] [stage_1] target=hsa-mir-23a | train_oof_r2=0.9907 train_oof_spearman=0.9837 | val_r2=0.9917 val_spearman=0.9849 | test_bulk_r2=0.9745 test_bulk_spearman=0.9676
[2026-03-27 13:14:21] [stage_1 25/55] target=hsa-mir-23b | building features
[2026-03-27 13:14:22] [stage_1] target=hsa-mir-23b | n_features=483 (mrna=483, cascade=0, missing=0)
[2026-03-27 13:14:59] [stage_1] target=hsa-mir-23b | train_oof_r2=0.9778 train_oof_spearman=0.9859 | val_r2=0.9741 val_spearman=0.9862 | test_bulk_r2=0.9447 test_bulk_spearman=0.9744
[2026-03-27 13:14:59] [stage_1 26/55] target=hsa-mir-27a | building features
[2026-03-27 13:15:00] [stage_1] target=hsa-mir-27a | n_features=395 (mrna=395, cascade=0, missing=0)
[2026-03-27 13:15:30] [stage_1] target=hsa-mir-27a | train_oof_r2=0.9752 train_oof_spearman=0.9752 | val_r2=0.9679 val_spearman=0.9743 | test_bulk_r2=0.9063 test_bulk_spearman=0.9541
[2026-03-27 13:15:30] [stage_1 27/55] target=hsa-mir-27b | building features
[2026-03-27 13:15:32] [stage_1] target=hsa-mir-27b | n_features=540 (mrna=540, cascade=0, missing=0)
[2026-03-27 13:16:12] [stage_1] target=hsa-mir-27b | train_oof_r2=0.9787 train_oof_spearman=0.9820 | val_r2=0.9804 val_spearman=0.9827 | test_bulk_r2=0.9440 test_bulk_spearman=0.9645
[2026-03-27 13:16:12] [stage_1 28/55] target=hsa-mir-296 | building features
[2026-03-27 13:16:13] [stage_1] target=hsa-mir-296 | n_features=367 (mrna=367, cascade=0, missing=0)
[2026-03-27 13:16:43] [stage_1] target=hsa-mir-296 | train_oof_r2=0.7958 train_oof_spearman=0.8242 | val_r2=0.7849 val_spearman=0.8239 | test_bulk_r2=0.6836 test_bulk_spearman=0.8325
[2026-03-27 13:16:43] [stage_1 29/55] target=hsa-mir-299 | building features
[2026-03-27 13:16:43] [stage_1] target=hsa-mir-299 | n_features=336 (mrna=336, cascade=0, missing=0)
[2026-03-27 13:17:11] [stage_1] target=hsa-mir-299 | train_oof_r2=0.7426 train_oof_spearman=0.8759 | val_r2=0.7538 val_spearman=0.8868 | test_bulk_r2=0.8251 test_bulk_spearman=0.8783
[2026-03-27 13:17:11] [stage_1 30/55] target=hsa-mir-29a | building features
[2026-03-27 13:17:12] [stage_1] target=hsa-mir-29a | n_features=382 (mrna=382, cascade=0, missing=0)
[2026-03-27 13:17:42] [stage_1] target=hsa-mir-29a | train_oof_r2=0.5582 train_oof_spearman=0.8628 | val_r2=0.5794 val_spearman=0.8697 | test_bulk_r2=0.7438 test_bulk_spearman=0.8377
[2026-03-27 13:17:42] [stage_1 31/55] target=hsa-mir-30a | building features
[2026-03-27 13:17:43] [stage_1] target=hsa-mir-30a | n_features=530 (mrna=530, cascade=0, missing=0)
[2026-03-27 13:18:22] [stage_1] target=hsa-mir-30a | train_oof_r2=0.8806 train_oof_spearman=0.9507 | val_r2=0.8788 val_spearman=0.9475 | test_bulk_r2=0.9153 test_bulk_spearman=0.9542
[2026-03-27 13:18:22] [stage_1 32/55] target=hsa-mir-31 | building features
[2026-03-27 13:18:22] [stage_1] target=hsa-mir-31 | n_features=133 (mrna=133, cascade=0, missing=0)
[2026-03-27 13:18:36] [stage_1] target=hsa-mir-31 | train_oof_r2=0.9402 train_oof_spearman=0.8729 | val_r2=0.9415 val_spearman=0.8745 | test_bulk_r2=0.8270 test_bulk_spearman=0.8701
[2026-03-27 13:18:36] [stage_1 33/55] target=hsa-mir-335 | building features
[2026-03-27 13:18:37] [stage_1] target=hsa-mir-335 | n_features=524 (mrna=524, cascade=0, missing=0)
[2026-03-27 13:19:15] [stage_1] target=hsa-mir-335 | train_oof_r2=0.9108 train_oof_spearman=0.9169 | val_r2=0.8969 val_spearman=0.9069 | test_bulk_r2=0.8328 test_bulk_spearman=0.9063
[2026-03-27 13:19:15] [stage_1 34/55] target=hsa-mir-340 | building features
[2026-03-27 13:19:16] [stage_1] target=hsa-mir-340 | n_features=458 (mrna=458, cascade=0, missing=0)
[2026-03-27 13:19:51] [stage_1] target=hsa-mir-340 | train_oof_r2=0.9733 train_oof_spearman=0.9782 | val_r2=0.9722 val_spearman=0.9786 | test_bulk_r2=0.9472 test_bulk_spearman=0.9636
[2026-03-27 13:19:51] [stage_1 35/55] target=hsa-mir-34a | building features
[2026-03-27 13:19:52] [stage_1] target=hsa-mir-34a | n_features=462 (mrna=462, cascade=0, missing=0)
[2026-03-27 13:20:26] [stage_1] target=hsa-mir-34a | train_oof_r2=0.8730 train_oof_spearman=0.8786 | val_r2=0.8727 val_spearman=0.8764 | test_bulk_r2=0.9736 test_bulk_spearman=0.8892
[2026-03-27 13:20:26] [stage_1 36/55] target=hsa-mir-34c | building features
[2026-03-27 13:20:28] [stage_1] target=hsa-mir-34c | n_features=503 (mrna=503, cascade=0, missing=0)
[2026-03-27 13:21:07] [stage_1] target=hsa-mir-34c | train_oof_r2=0.7739 train_oof_spearman=0.8864 | val_r2=0.7975 val_spearman=0.9001 | test_bulk_r2=0.8393 test_bulk_spearman=0.8962
[2026-03-27 13:21:07] [stage_1 37/55] target=hsa-mir-369 | building features
[2026-03-27 13:21:08] [stage_1] target=hsa-mir-369 | n_features=518 (mrna=518, cascade=0, missing=0)
[2026-03-27 13:21:48] [stage_1] target=hsa-mir-369 | train_oof_r2=0.8872 train_oof_spearman=0.9383 | val_r2=0.9032 val_spearman=0.9457 | test_bulk_r2=0.9124 test_bulk_spearman=0.9449
[2026-03-27 13:21:48] [stage_1 38/55] target=hsa-mir-376c | building features
[2026-03-27 13:21:49] [stage_1] target=hsa-mir-376c | n_features=419 (mrna=419, cascade=0, missing=0)
[2026-03-27 13:22:22] [stage_1] target=hsa-mir-376c | train_oof_r2=0.7925 train_oof_spearman=0.9032 | val_r2=0.8007 val_spearman=0.9078 | test_bulk_r2=0.8586 test_bulk_spearman=0.9219
[2026-03-27 13:22:22] [stage_1 39/55] target=hsa-mir-377 | building features
[2026-03-27 13:22:23] [stage_1] target=hsa-mir-377 | n_features=377 (mrna=377, cascade=0, missing=0)
[2026-03-27 13:22:52] [stage_1] target=hsa-mir-377 | train_oof_r2=0.8698 train_oof_spearman=0.9275 | val_r2=0.8799 val_spearman=0.9331 | test_bulk_r2=0.8658 test_bulk_spearman=0.9181
[2026-03-27 13:22:52] [stage_1 40/55] target=hsa-mir-379 | building features
[2026-03-27 13:22:53] [stage_1] target=hsa-mir-379 | n_features=420 (mrna=420, cascade=0, missing=0)
[2026-03-27 13:23:26] [stage_1] target=hsa-mir-379 | train_oof_r2=0.8555 train_oof_spearman=0.9077 | val_r2=0.8698 val_spearman=0.9190 | test_bulk_r2=0.8427 test_bulk_spearman=0.9139
[2026-03-27 13:23:26] [stage_1 41/55] target=hsa-mir-382 | building features
[2026-03-27 13:23:27] [stage_1] target=hsa-mir-382 | n_features=406 (mrna=406, cascade=0, missing=0)
[2026-03-27 13:24:00] [stage_1] target=hsa-mir-382 | train_oof_r2=0.8473 train_oof_spearman=0.9266 | val_r2=0.8447 val_spearman=0.9279 | test_bulk_r2=0.8908 test_bulk_spearman=0.9445
[2026-03-27 13:24:00] [stage_1 42/55] target=hsa-mir-409 | building features
[2026-03-27 13:24:01] [stage_1] target=hsa-mir-409 | n_features=440 (mrna=440, cascade=0, missing=0)
[2026-03-27 13:24:35] [stage_1] target=hsa-mir-409 | train_oof_r2=0.8720 train_oof_spearman=0.9318 | val_r2=0.8769 val_spearman=0.9359 | test_bulk_r2=0.8652 test_bulk_spearman=0.9263
[2026-03-27 13:24:35] [stage_1 43/55] target=hsa-mir-424 | building features
[2026-03-27 13:24:36] [stage_1] target=hsa-mir-424 | n_features=470 (mrna=470, cascade=0, missing=0)
[2026-03-27 13:25:12] [stage_1] target=hsa-mir-424 | train_oof_r2=0.9715 train_oof_spearman=0.9448 | val_r2=0.9727 val_spearman=0.9469 | test_bulk_r2=0.7771 test_bulk_spearman=0.8900
[2026-03-27 13:25:12] [stage_1 44/55] target=hsa-mir-455 | building features
[2026-03-27 13:25:13] [stage_1] target=hsa-mir-455 | n_features=465 (mrna=465, cascade=0, missing=0)
[2026-03-27 13:25:48] [stage_1] target=hsa-mir-455 | train_oof_r2=0.9183 train_oof_spearman=0.9367 | val_r2=0.9061 val_spearman=0.9324 | test_bulk_r2=0.8792 test_bulk_spearman=0.9194
[2026-03-27 13:25:48] [stage_1 45/55] target=hsa-mir-487b | building features
[2026-03-27 13:25:50] [stage_1] target=hsa-mir-487b | n_features=520 (mrna=520, cascade=0, missing=0)
[2026-03-27 13:26:29] [stage_1] target=hsa-mir-487b | train_oof_r2=0.9063 train_oof_spearman=0.9386 | val_r2=0.9036 val_spearman=0.9382 | test_bulk_r2=0.9422 test_bulk_spearman=0.9544
[2026-03-27 13:26:29] [stage_1 46/55] target=hsa-mir-493 | building features
[2026-03-27 13:26:30] [stage_1] target=hsa-mir-493 | n_features=387 (mrna=387, cascade=0, missing=0)
[2026-03-27 13:27:01] [stage_1] target=hsa-mir-493 | train_oof_r2=0.8505 train_oof_spearman=0.9249 | val_r2=0.8540 val_spearman=0.9273 | test_bulk_r2=0.8754 test_bulk_spearman=0.9307
[2026-03-27 13:27:01] [stage_1 47/55] target=hsa-mir-494 | building features
[2026-03-27 13:27:01] [stage_1] target=hsa-mir-494 | n_features=118 (mrna=118, cascade=0, missing=0)
[2026-03-27 13:27:14] [stage_1] target=hsa-mir-494 | train_oof_r2=0.7651 train_oof_spearman=0.7678 | val_r2=0.7599 val_spearman=0.7724 | test_bulk_r2=0.7330 test_bulk_spearman=0.6990
[2026-03-27 13:27:14] [stage_1 48/55] target=hsa-mir-495 | building features
[2026-03-27 13:27:15] [stage_1] target=hsa-mir-495 | n_features=500 (mrna=500, cascade=0, missing=0)
[2026-03-27 13:27:54] [stage_1] target=hsa-mir-495 | train_oof_r2=0.8960 train_oof_spearman=0.9401 | val_r2=0.8935 val_spearman=0.9372 | test_bulk_r2=0.9319 test_bulk_spearman=0.9524
[2026-03-27 13:27:54] [stage_1 49/55] target=hsa-mir-543 | building features
[2026-03-27 13:27:55] [stage_1] target=hsa-mir-543 | n_features=474 (mrna=474, cascade=0, missing=0)
[2026-03-27 13:28:33] [stage_1] target=hsa-mir-543 | train_oof_r2=0.8824 train_oof_spearman=0.9190 | val_r2=0.8924 val_spearman=0.9237 | test_bulk_r2=0.9564 test_bulk_spearman=0.9519
[2026-03-27 13:28:33] [stage_1 50/55] target=hsa-mir-582 | building features
[2026-03-27 13:28:34] [stage_1] target=hsa-mir-582 | n_features=615 (mrna=615, cascade=0, missing=0)
[2026-03-27 13:29:22] [stage_1] target=hsa-mir-582 | train_oof_r2=0.8185 train_oof_spearman=0.8945 | val_r2=0.8191 val_spearman=0.8952 | test_bulk_r2=0.8306 test_bulk_spearman=0.9131
[2026-03-27 13:29:22] [stage_1 51/55] target=hsa-mir-654 | building features
[2026-03-27 13:29:23] [stage_1] target=hsa-mir-654 | n_features=443 (mrna=443, cascade=0, missing=0)
[2026-03-27 13:29:58] [stage_1] target=hsa-mir-654 | train_oof_r2=0.7300 train_oof_spearman=0.8552 | val_r2=0.7491 val_spearman=0.8592 | test_bulk_r2=0.7246 test_bulk_spearman=0.8415
[2026-03-27 13:29:58] [stage_1 52/55] target=hsa-mir-656 | building features
[2026-03-27 13:30:00] [stage_1] target=hsa-mir-656 | n_features=405 (mrna=405, cascade=0, missing=0)
[2026-03-27 13:30:32] [stage_1] target=hsa-mir-656 | train_oof_r2=0.7819 train_oof_spearman=0.8858 | val_r2=0.8061 val_spearman=0.8965 | test_bulk_r2=0.9020 test_bulk_spearman=0.9172
[2026-03-27 13:30:32] [stage_1 53/55] target=hsa-mir-708 | building features
[2026-03-27 13:30:34] [stage_1] target=hsa-mir-708 | n_features=709 (mrna=709, cascade=0, missing=0)
[2026-03-27 13:31:26] [stage_1] target=hsa-mir-708 | train_oof_r2=0.8064 train_oof_spearman=0.8652 | val_r2=0.8132 val_spearman=0.8710 | test_bulk_r2=0.8444 test_bulk_spearman=0.9169
[2026-03-27 13:31:26] [stage_1 54/55] target=hsa-mir-98 | building features
[2026-03-27 13:31:27] [stage_1] target=hsa-mir-98 | n_features=221 (mrna=221, cascade=0, missing=0)
[2026-03-27 13:31:46] [stage_1] target=hsa-mir-98 | train_oof_r2=0.7987 train_oof_spearman=0.8867 | val_r2=0.8074 val_spearman=0.8864 | test_bulk_r2=0.9290 test_bulk_spearman=0.9276
[2026-03-27 13:31:46] [stage_1 55/55] target=hsa-mir-99a | building features
[2026-03-27 13:31:48] [stage_1] target=hsa-mir-99a | n_features=547 (mrna=547, cascade=0, missing=0)
[2026-03-27 13:32:30] [stage_1] target=hsa-mir-99a | train_oof_r2=0.8566 train_oof_spearman=0.9501 | val_r2=0.8583 val_spearman=0.9521 | test_bulk_r2=0.9597 test_bulk_spearman=0.9738
[2026-03-27 13:32:30] === stage_2 | targets=39 ===
[2026-03-27 13:32:30] [stage_2] tuning one Optuna study for stage on targets=['hsa-let-7e', 'hsa-mir-106b', 'hsa-mir-125a']
[2026-03-27 13:38:16] [stage_2] stage-level params selected | best_score=0.9517
[2026-03-27 13:38:16] [stage_2 1/39] target=hsa-let-7e | building features
[2026-03-27 13:38:18] [stage_2] target=hsa-let-7e | n_features=543 (mrna=488, cascade=55, missing=0)
[2026-03-27 13:38:58] [stage_2] target=hsa-let-7e | train_oof_r2=0.8725 train_oof_spearman=0.9336 | val_r2=0.8927 val_spearman=0.9418 | test_bulk_r2=0.8631 test_bulk_spearman=0.9100
[2026-03-27 13:38:58] [stage_2 2/39] target=hsa-mir-106b | building features
[2026-03-27 13:39:00] [stage_2] target=hsa-mir-106b | n_features=520 (mrna=465, cascade=55, missing=0)
[2026-03-27 13:39:36] [stage_2] target=hsa-mir-106b | train_oof_r2=0.9984 train_oof_spearman=0.9541 | val_r2=0.9985 val_spearman=0.9523 | test_bulk_r2=0.9953 test_bulk_spearman=0.9044
[2026-03-27 13:39:36] [stage_2 3/39] target=hsa-mir-125a | building features
[2026-03-27 13:39:37] [stage_2] target=hsa-mir-125a | n_features=552 (mrna=497, cascade=55, missing=0)
[2026-03-27 13:40:20] [stage_2] target=hsa-mir-125a | train_oof_r2=0.9744 train_oof_spearman=0.9770 | val_r2=0.9764 val_spearman=0.9778 | test_bulk_r2=0.9473 test_bulk_spearman=0.9555
[2026-03-27 13:40:20] [stage_2 4/39] target=hsa-mir-1271 | building features
[2026-03-27 13:40:21] [stage_2] target=hsa-mir-1271 | n_features=426 (mrna=371, cascade=55, missing=0)
[2026-03-27 13:40:54] [stage_2] target=hsa-mir-1271 | train_oof_r2=0.7367 train_oof_spearman=0.8773 | val_r2=0.7288 val_spearman=0.8755 | test_bulk_r2=0.8857 test_bulk_spearman=0.9376
[2026-03-27 13:40:54] [stage_2 5/39] target=hsa-mir-1307 | building features
[2026-03-27 13:40:55] [stage_2] target=hsa-mir-1307 | n_features=246 (mrna=191, cascade=55, missing=0)
[2026-03-27 13:41:16] [stage_2] target=hsa-mir-1307 | train_oof_r2=0.9476 train_oof_spearman=0.9381 | val_r2=0.9266 val_spearman=0.9364 | test_bulk_r2=0.8193 test_bulk_spearman=0.8780
[2026-03-27 13:41:16] [stage_2 6/39] target=hsa-mir-130b | building features
[2026-03-27 13:41:17] [stage_2] target=hsa-mir-130b | n_features=452 (mrna=397, cascade=55, missing=0)
[2026-03-27 13:41:51] [stage_2] target=hsa-mir-130b | train_oof_r2=0.8765 train_oof_spearman=0.9074 | val_r2=0.8894 val_spearman=0.9150 | test_bulk_r2=0.8444 test_bulk_spearman=0.9134
[2026-03-27 13:41:51] [stage_2 7/39] target=hsa-mir-132 | building features
[2026-03-27 13:41:52] [stage_2] target=hsa-mir-132 | n_features=328 (mrna=273, cascade=55, missing=0)
[2026-03-27 13:42:18] [stage_2] target=hsa-mir-132 | train_oof_r2=0.8995 train_oof_spearman=0.9611 | val_r2=0.9072 val_spearman=0.9645 | test_bulk_r2=0.9362 test_bulk_spearman=0.9570
[2026-03-27 13:42:18] [stage_2 8/39] target=hsa-mir-139 | building features
[2026-03-27 13:42:20] [stage_2] target=hsa-mir-139 | n_features=467 (mrna=412, cascade=55, missing=0)
[2026-03-27 13:42:55] [stage_2] target=hsa-mir-139 | train_oof_r2=0.6707 train_oof_spearman=0.8285 | val_r2=0.6690 val_spearman=0.8238 | test_bulk_r2=0.8547 test_bulk_spearman=0.9118
[2026-03-27 13:42:55] [stage_2 9/39] target=hsa-mir-148b | building features
[2026-03-27 13:42:56] [stage_2] target=hsa-mir-148b | n_features=414 (mrna=359, cascade=55, missing=0)
[2026-03-27 13:43:28] [stage_2] target=hsa-mir-148b | train_oof_r2=0.9859 train_oof_spearman=0.9748 | val_r2=0.9865 val_spearman=0.9740 | test_bulk_r2=0.9430 test_bulk_spearman=0.9517
[2026-03-27 13:43:28] [stage_2 10/39] target=hsa-mir-154 | building features
[2026-03-27 13:43:29] [stage_2] target=hsa-mir-154 | n_features=415 (mrna=360, cascade=55, missing=0)
[2026-03-27 13:44:01] [stage_2] target=hsa-mir-154 | train_oof_r2=0.7748 train_oof_spearman=0.8840 | val_r2=0.7693 val_spearman=0.8827 | test_bulk_r2=0.8880 test_bulk_spearman=0.9074
[2026-03-27 13:44:01] [stage_2 11/39] target=hsa-mir-15b | building features
[2026-03-27 13:44:03] [stage_2] target=hsa-mir-15b | n_features=710 (mrna=655, cascade=55, missing=0)
[2026-03-27 13:44:55] [stage_2] target=hsa-mir-15b | train_oof_r2=0.9863 train_oof_spearman=0.9494 | val_r2=0.9876 val_spearman=0.9523 | test_bulk_r2=0.8627 test_bulk_spearman=0.9021
[2026-03-27 13:44:55] [stage_2 12/39] target=hsa-mir-193b | building features
[2026-03-27 13:44:56] [stage_2] target=hsa-mir-193b | n_features=547 (mrna=492, cascade=55, missing=0)
[2026-03-27 13:45:38] [stage_2] target=hsa-mir-193b | train_oof_r2=0.9322 train_oof_spearman=0.9402 | val_r2=0.9211 val_spearman=0.9342 | test_bulk_r2=0.8400 test_bulk_spearman=0.9016
[2026-03-27 13:45:38] [stage_2 13/39] target=hsa-mir-197 | building features
[2026-03-27 13:45:39] [stage_2] target=hsa-mir-197 | n_features=485 (mrna=430, cascade=55, missing=0)
[2026-03-27 13:46:15] [stage_2] target=hsa-mir-197 | train_oof_r2=0.6175 train_oof_spearman=0.8577 | val_r2=0.6140 val_spearman=0.8631 | test_bulk_r2=0.7733 test_bulk_spearman=0.8740
[2026-03-27 13:46:15] [stage_2 14/39] target=hsa-mir-22 | building features
[2026-03-27 13:46:16] [stage_2] target=hsa-mir-22 | n_features=346 (mrna=291, cascade=55, missing=0)
[2026-03-27 13:46:44] [stage_2] target=hsa-mir-22 | train_oof_r2=0.5869 train_oof_spearman=0.9176 | val_r2=0.5880 val_spearman=0.9163 | test_bulk_r2=0.9181 test_bulk_spearman=0.9543
[2026-03-27 13:46:44] [stage_2 15/39] target=hsa-mir-221 | building features
[2026-03-27 13:46:46] [stage_2] target=hsa-mir-221 | n_features=536 (mrna=481, cascade=55, missing=0)
[2026-03-27 13:47:25] [stage_2] target=hsa-mir-221 | train_oof_r2=0.6997 train_oof_spearman=0.8727 | val_r2=0.7157 val_spearman=0.8823 | test_bulk_r2=0.8911 test_bulk_spearman=0.9450
[2026-03-27 13:47:25] [stage_2 16/39] target=hsa-mir-28 | building features
[2026-03-27 13:47:26] [stage_2] target=hsa-mir-28 | n_features=412 (mrna=357, cascade=55, missing=0)
[2026-03-27 13:47:57] [stage_2] target=hsa-mir-28 | train_oof_r2=0.7076 train_oof_spearman=0.7907 | val_r2=0.7232 val_spearman=0.7920 | test_bulk_r2=0.8505 test_bulk_spearman=0.9173
[2026-03-27 13:47:57] [stage_2 17/39] target=hsa-mir-301a | building features
[2026-03-27 13:47:58] [stage_2] target=hsa-mir-301a | n_features=373 (mrna=318, cascade=55, missing=0)
[2026-03-27 13:48:27] [stage_2] target=hsa-mir-301a | train_oof_r2=0.9132 train_oof_spearman=0.8982 | val_r2=0.9199 val_spearman=0.9024 | test_bulk_r2=0.6906 test_bulk_spearman=0.8382
[2026-03-27 13:48:27] [stage_2 18/39] target=hsa-mir-30d | building features
[2026-03-27 13:48:29] [stage_2] target=hsa-mir-30d | n_features=574 (mrna=519, cascade=55, missing=0)
[2026-03-27 13:49:12] [stage_2] target=hsa-mir-30d | train_oof_r2=0.9943 train_oof_spearman=0.9779 | val_r2=0.9947 val_spearman=0.9779 | test_bulk_r2=0.9883 test_bulk_spearman=0.9620
[2026-03-27 13:49:12] [stage_2 19/39] target=hsa-mir-324 | building features
[2026-03-27 13:49:13] [stage_2] target=hsa-mir-324 | n_features=432 (mrna=377, cascade=55, missing=0)
[2026-03-27 13:49:46] [stage_2] target=hsa-mir-324 | train_oof_r2=0.9322 train_oof_spearman=0.9136 | val_r2=0.9258 val_spearman=0.9128 | test_bulk_r2=0.7664 test_bulk_spearman=0.8492
[2026-03-27 13:49:46] [stage_2 20/39] target=hsa-mir-337 | building features
[2026-03-27 13:49:47] [stage_2] target=hsa-mir-337 | n_features=363 (mrna=308, cascade=55, missing=0)
[2026-03-27 13:50:16] [stage_2] target=hsa-mir-337 | train_oof_r2=0.7212 train_oof_spearman=0.8463 | val_r2=0.7126 val_spearman=0.8499 | test_bulk_r2=0.7825 test_bulk_spearman=0.8389
[2026-03-27 13:50:16] [stage_2 21/39] target=hsa-mir-342 | building features
[2026-03-27 13:50:17] [stage_2] target=hsa-mir-342 | n_features=495 (mrna=440, cascade=55, missing=0)
[2026-03-27 13:50:55] [stage_2] target=hsa-mir-342 | train_oof_r2=0.9752 train_oof_spearman=0.9601 | val_r2=0.9730 val_spearman=0.9596 | test_bulk_r2=0.8875 test_bulk_spearman=0.9312
[2026-03-27 13:50:55] [stage_2 22/39] target=hsa-mir-374a | building features
[2026-03-27 13:50:56] [stage_2] target=hsa-mir-374a | n_features=245 (mrna=190, cascade=55, missing=0)
[2026-03-27 13:51:15] [stage_2] target=hsa-mir-374a | train_oof_r2=0.9825 train_oof_spearman=0.9384 | val_r2=0.9824 val_spearman=0.9384 | test_bulk_r2=0.8335 test_bulk_spearman=0.8764
[2026-03-27 13:51:15] [stage_2 23/39] target=hsa-mir-374b | building features
[2026-03-27 13:51:16] [stage_2] target=hsa-mir-374b | n_features=518 (mrna=463, cascade=55, missing=0)
[2026-03-27 13:51:54] [stage_2] target=hsa-mir-374b | train_oof_r2=0.9886 train_oof_spearman=0.9728 | val_r2=0.9890 val_spearman=0.9738 | test_bulk_r2=0.9041 test_bulk_spearman=0.9503
[2026-03-27 13:51:54] [stage_2 24/39] target=hsa-mir-375 | building features
[2026-03-27 13:51:57] [stage_2] target=hsa-mir-375 | n_features=966 (mrna=911, cascade=55, missing=0)
[2026-03-27 13:53:08] [stage_2] target=hsa-mir-375 | train_oof_r2=0.7618 train_oof_spearman=0.8650 | val_r2=0.7662 val_spearman=0.8674 | test_bulk_r2=0.8366 test_bulk_spearman=0.9045
[2026-03-27 13:53:08] [stage_2 25/39] target=hsa-mir-378a | building features
[2026-03-27 13:53:09] [stage_2] target=hsa-mir-378a | n_features=552 (mrna=497, cascade=55, missing=0)
[2026-03-27 13:53:52] [stage_2] target=hsa-mir-378a | train_oof_r2=0.8260 train_oof_spearman=0.9483 | val_r2=0.8407 val_spearman=0.9518 | test_bulk_r2=0.9318 test_bulk_spearman=0.9568
[2026-03-27 13:53:52] [stage_2 26/39] target=hsa-mir-381 | building features
[2026-03-27 13:53:53] [stage_2] target=hsa-mir-381 | n_features=538 (mrna=483, cascade=55, missing=0)
[2026-03-27 13:54:34] [stage_2] target=hsa-mir-381 | train_oof_r2=0.8807 train_oof_spearman=0.9302 | val_r2=0.8869 val_spearman=0.9345 | test_bulk_r2=0.9380 test_bulk_spearman=0.9649
[2026-03-27 13:54:34] [stage_2 27/39] target=hsa-mir-411 | building features
[2026-03-27 13:54:36] [stage_2] target=hsa-mir-411 | n_features=547 (mrna=492, cascade=55, missing=0)
[2026-03-27 13:55:18] [stage_2] target=hsa-mir-411 | train_oof_r2=0.8563 train_oof_spearman=0.9195 | val_r2=0.8577 val_spearman=0.9226 | test_bulk_r2=0.9406 test_bulk_spearman=0.9641
[2026-03-27 13:55:18] [stage_2 28/39] target=hsa-mir-425 | building features
[2026-03-27 13:55:19] [stage_2] target=hsa-mir-425 | n_features=339 (mrna=284, cascade=55, missing=0)
[2026-03-27 13:55:47] [stage_2] target=hsa-mir-425 | train_oof_r2=0.9730 train_oof_spearman=0.9544 | val_r2=0.9753 val_spearman=0.9576 | test_bulk_r2=0.8871 test_bulk_spearman=0.9159
[2026-03-27 13:55:47] [stage_2 29/39] target=hsa-mir-431 | building features
[2026-03-27 13:55:48] [stage_2] target=hsa-mir-431 | n_features=408 (mrna=353, cascade=55, missing=0)
[2026-03-27 13:56:20] [stage_2] target=hsa-mir-431 | train_oof_r2=0.6871 train_oof_spearman=0.8337 | val_r2=0.6923 val_spearman=0.8434 | test_bulk_r2=0.7782 test_bulk_spearman=0.8333
[2026-03-27 13:56:20] [stage_2 30/39] target=hsa-mir-532 | building features
[2026-03-27 13:56:20] [stage_2] target=hsa-mir-532 | n_features=141 (mrna=86, cascade=55, missing=0)
[2026-03-27 13:56:33] [stage_2] target=hsa-mir-532 | train_oof_r2=0.5853 train_oof_spearman=0.8394 | val_r2=0.6162 val_spearman=0.8456 | test_bulk_r2=0.6640 test_bulk_spearman=0.8148
[2026-03-27 13:56:33] [stage_2 31/39] target=hsa-mir-590 | building features
[2026-03-27 13:56:34] [stage_2] target=hsa-mir-590 | n_features=155 (mrna=100, cascade=55, missing=0)
[2026-03-27 13:56:48] [stage_2] target=hsa-mir-590 | train_oof_r2=0.9600 train_oof_spearman=0.8975 | val_r2=0.9628 val_spearman=0.8997 | test_bulk_r2=0.7317 test_bulk_spearman=0.8002
[2026-03-27 13:56:48] [stage_2 32/39] target=hsa-mir-598 | building features
[2026-03-27 13:56:49] [stage_2] target=hsa-mir-598 | n_features=309 (mrna=254, cascade=55, missing=0)
[2026-03-27 13:57:12] [stage_2] target=hsa-mir-598 | train_oof_r2=0.7904 train_oof_spearman=0.8996 | val_r2=0.8129 val_spearman=0.9053 | test_bulk_r2=0.8804 test_bulk_spearman=0.9230
[2026-03-27 13:57:12] [stage_2 33/39] target=hsa-mir-655 | building features
[2026-03-27 13:57:14] [stage_2] target=hsa-mir-655 | n_features=467 (mrna=412, cascade=55, missing=0)
[2026-03-27 13:57:49] [stage_2] target=hsa-mir-655 | train_oof_r2=0.7831 train_oof_spearman=0.8950 | val_r2=0.8023 val_spearman=0.8970 | test_bulk_r2=0.8954 test_bulk_spearman=0.9302
[2026-03-27 13:57:49] [stage_2 34/39] target=hsa-mir-744 | building features
[2026-03-27 13:57:50] [stage_2] target=hsa-mir-744 | n_features=362 (mrna=307, cascade=55, missing=0)
[2026-03-27 13:58:18] [stage_2] target=hsa-mir-744 | train_oof_r2=0.8921 train_oof_spearman=0.9545 | val_r2=0.8931 val_spearman=0.9546 | test_bulk_r2=0.8995 test_bulk_spearman=0.9499
[2026-03-27 13:58:18] [stage_2 35/39] target=hsa-mir-766 | building features
[2026-03-27 13:58:20] [stage_2] target=hsa-mir-766 | n_features=443 (mrna=388, cascade=55, missing=0)
[2026-03-27 13:58:54] [stage_2] target=hsa-mir-766 | train_oof_r2=0.7713 train_oof_spearman=0.8202 | val_r2=0.7887 val_spearman=0.8379 | test_bulk_r2=0.8186 test_bulk_spearman=0.8741
[2026-03-27 13:58:54] [stage_2 36/39] target=hsa-mir-93 | building features
[2026-03-27 13:58:55] [stage_2] target=hsa-mir-93 | n_features=567 (mrna=512, cascade=55, missing=0)
[2026-03-27 13:59:40] [stage_2] target=hsa-mir-93 | train_oof_r2=0.9880 train_oof_spearman=0.9808 | val_r2=0.9885 val_spearman=0.9817 | test_bulk_r2=0.9438 test_bulk_spearman=0.9650
[2026-03-27 13:59:40] [stage_2 37/39] target=hsa-mir-99b | building features
[2026-03-27 13:59:41] [stage_2] target=hsa-mir-99b | n_features=444 (mrna=389, cascade=55, missing=0)
[2026-03-27 14:00:17] [stage_2] target=hsa-mir-99b | train_oof_r2=0.8505 train_oof_spearman=0.9456 | val_r2=0.8413 val_spearman=0.9489 | test_bulk_r2=0.8739 test_bulk_spearman=0.9268
[2026-03-27 14:00:17] [stage_2 38/39] target=hsa-mir-191 | building features
[2026-03-27 14:00:18] [stage_2] target=hsa-mir-191 | n_features=479 (mrna=424, cascade=55, missing=0)
[2026-03-27 14:00:54] [stage_2] target=hsa-mir-191 | train_oof_r2=0.9808 train_oof_spearman=0.9634 | val_r2=0.9814 val_spearman=0.9623 | test_bulk_r2=0.9212 test_bulk_spearman=0.9323
[2026-03-27 14:00:54] [stage_2 39/39] target=hsa-mir-25 | building features
[2026-03-27 14:00:55] [stage_2] target=hsa-mir-25 | n_features=480 (mrna=425, cascade=55, missing=0)
[2026-03-27 14:01:33] [stage_2] target=hsa-mir-25 | train_oof_r2=0.9802 train_oof_spearman=0.9721 | val_r2=0.9805 val_spearman=0.9744 | test_bulk_r2=0.9205 test_bulk_spearman=0.9438
[2026-03-27 14:01:33] === stage_3 | targets=2 ===
[2026-03-27 14:01:33] [stage_3] tuning one Optuna study for stage on targets=['hsa-mir-107', 'hsa-mir-485']
[2026-03-27 14:05:19] [stage_3] stage-level params selected | best_score=0.8761
[2026-03-27 14:05:19] [stage_3 1/2] target=hsa-mir-107 | building features
[2026-03-27 14:05:20] [stage_3] target=hsa-mir-107 | n_features=540 (mrna=446, cascade=94, missing=0)
[2026-03-27 14:06:01] [stage_3] target=hsa-mir-107 | train_oof_r2=0.9312 train_oof_spearman=0.9500 | val_r2=0.9314 val_spearman=0.9511 | test_bulk_r2=0.8884 test_bulk_spearman=0.9328
[2026-03-27 14:06:01] [stage_3 2/2] target=hsa-mir-485 | building features
[2026-03-27 14:06:02] [stage_3] target=hsa-mir-485 | n_features=574 (mrna=480, cascade=94, missing=0)
[2026-03-27 14:06:45] [stage_3] target=hsa-mir-485 | train_oof_r2=0.7668 train_oof_spearman=0.8563 | val_r2=0.7780 val_spearman=0.8660 | test_bulk_r2=0.8692 test_bulk_spearman=0.8810
[2026-03-27 14:06:45] === stage_4 | targets=27 ===
[2026-03-27 14:06:45] [stage_4] tuning one Optuna study for stage on targets=['hsa-mir-92a-1', 'hsa-mir-92b', 'hsa-mir-423']
[2026-03-27 14:11:49] [stage_4] stage-level params selected | best_score=0.9151
[2026-03-27 14:11:49] [stage_4 1/27] target=hsa-mir-92a-1 | building features
[2026-03-27 14:11:50] [stage_4] target=hsa-mir-92a-1 | n_features=687 (mrna=591, cascade=96, missing=0)
[2026-03-27 14:12:41] [stage_4] target=hsa-mir-92a-1 | train_oof_r2=0.7497 train_oof_spearman=0.8761 | val_r2=0.7668 val_spearman=0.8840 | test_bulk_r2=0.9751 test_bulk_spearman=0.9718
[2026-03-27 14:12:41] [stage_4 2/27] target=hsa-mir-92b | building features
[2026-03-27 14:12:42] [stage_4] target=hsa-mir-92b | n_features=329 (mrna=233, cascade=96, missing=0)
[2026-03-27 14:13:08] [stage_4] target=hsa-mir-92b | train_oof_r2=0.9370 train_oof_spearman=0.9664 | val_r2=0.9465 val_spearman=0.9697 | test_bulk_r2=0.9047 test_bulk_spearman=0.9493
[2026-03-27 14:13:08] [stage_4 3/27] target=hsa-mir-423 | building features
[2026-03-27 14:13:09] [stage_4] target=hsa-mir-423 | n_features=393 (mrna=297, cascade=96, missing=0)
[2026-03-27 14:13:39] [stage_4] target=hsa-mir-423 | train_oof_r2=0.9891 train_oof_spearman=0.9727 | val_r2=0.9887 val_spearman=0.9721 | test_bulk_r2=0.9463 test_bulk_spearman=0.9530
[2026-03-27 14:13:39] [stage_4 4/27] target=hsa-mir-182 | building features
[2026-03-27 14:13:41] [stage_4] target=hsa-mir-182 | n_features=738 (mrna=642, cascade=96, missing=0)
[2026-03-27 14:14:36] [stage_4] target=hsa-mir-182 | train_oof_r2=0.9896 train_oof_spearman=0.9635 | val_r2=0.9903 val_spearman=0.9630 | test_bulk_r2=0.9807 test_bulk_spearman=0.9316
[2026-03-27 14:14:36] [stage_4 5/27] target=hsa-mir-96 | building features
[2026-03-27 14:14:37] [stage_4] target=hsa-mir-96 | n_features=517 (mrna=421, cascade=96, missing=0)
[2026-03-27 14:15:17] [stage_4] target=hsa-mir-96 | train_oof_r2=0.9279 train_oof_spearman=0.9263 | val_r2=0.9287 val_spearman=0.9271 | test_bulk_r2=0.7876 test_bulk_spearman=0.8871
[2026-03-27 14:15:17] [stage_4 6/27] target=hsa-mir-503 | building features
[2026-03-27 14:15:18] [stage_4] target=hsa-mir-503 | n_features=441 (mrna=345, cascade=96, missing=0)
[2026-03-27 14:15:52] [stage_4] target=hsa-mir-503 | train_oof_r2=0.5569 train_oof_spearman=0.7185 | val_r2=0.5983 val_spearman=0.7461 | test_bulk_r2=0.7608 test_bulk_spearman=0.8322
[2026-03-27 14:15:52] [stage_4 7/27] target=hsa-mir-889 | building features
[2026-03-27 14:15:53] [stage_4] target=hsa-mir-889 | n_features=547 (mrna=451, cascade=96, missing=0)
[2026-03-27 14:16:34] [stage_4] target=hsa-mir-889 | train_oof_r2=0.7159 train_oof_spearman=0.8381 | val_r2=0.7183 val_spearman=0.8461 | test_bulk_r2=0.8435 test_bulk_spearman=0.8611
[2026-03-27 14:16:34] [stage_4 8/27] target=hsa-mir-574 | building features
[2026-03-27 14:16:36] [stage_4] target=hsa-mir-574 | n_features=502 (mrna=406, cascade=96, missing=0)
[2026-03-27 14:17:13] [stage_4] target=hsa-mir-574 | train_oof_r2=0.7986 train_oof_spearman=0.9323 | val_r2=0.8121 val_spearman=0.9373 | test_bulk_r2=0.8925 test_bulk_spearman=0.9431
[2026-03-27 14:17:13] [stage_4 9/27] target=hsa-mir-676 | building features
[2026-03-27 14:17:15] [stage_4] target=hsa-mir-676 | n_features=524 (mrna=428, cascade=96, missing=0)
[2026-03-27 14:17:53] [stage_4] target=hsa-mir-676 | train_oof_r2=0.5576 train_oof_spearman=0.7374 | val_r2=0.5741 val_spearman=0.7482 | test_bulk_r2=0.7102 test_bulk_spearman=0.8210
[2026-03-27 14:17:53] [stage_4 10/27] target=hsa-mir-203a | building features
[2026-03-27 14:17:55] [stage_4] target=hsa-mir-203a | n_features=520 (mrna=424, cascade=96, missing=0)
[2026-03-27 14:18:34] [stage_4] target=hsa-mir-203a | train_oof_r2=0.8545 train_oof_spearman=0.9115 | val_r2=0.8680 val_spearman=0.9174 | test_bulk_r2=0.9089 test_bulk_spearman=0.9359
[2026-03-27 14:18:34] [stage_4 11/27] target=hsa-mir-615 | building features
[2026-03-27 14:18:35] [stage_4] target=hsa-mir-615 | n_features=413 (mrna=317, cascade=96, missing=0)
[2026-03-27 14:19:07] [stage_4] target=hsa-mir-615 | train_oof_r2=0.7117 train_oof_spearman=0.8080 | val_r2=0.7361 val_spearman=0.8215 | test_bulk_r2=0.9052 test_bulk_spearman=0.9177
[2026-03-27 14:19:07] [stage_4 12/27] target=hsa-mir-339 | building features
[2026-03-27 14:19:08] [stage_4] target=hsa-mir-339 | n_features=513 (mrna=417, cascade=96, missing=0)
[2026-03-27 14:19:46] [stage_4] target=hsa-mir-339 | train_oof_r2=0.5862 train_oof_spearman=0.8353 | val_r2=0.5766 val_spearman=0.8338 | test_bulk_r2=0.8865 test_bulk_spearman=0.9416
[2026-03-27 14:19:46] [stage_4 13/27] target=hsa-mir-30b | building features
[2026-03-27 14:19:47] [stage_4] target=hsa-mir-30b | n_features=431 (mrna=335, cascade=96, missing=0)
[2026-03-27 14:20:19] [stage_4] target=hsa-mir-30b | train_oof_r2=0.9799 train_oof_spearman=0.9349 | val_r2=0.9812 val_spearman=0.9373 | test_bulk_r2=0.7929 test_bulk_spearman=0.8743
[2026-03-27 14:20:19] [stage_4 14/27] target=hsa-mir-149 | building features
[2026-03-27 14:20:21] [stage_4] target=hsa-mir-149 | n_features=621 (mrna=525, cascade=96, missing=0)
[2026-03-27 14:21:08] [stage_4] target=hsa-mir-149 | train_oof_r2=0.6526 train_oof_spearman=0.8232 | val_r2=0.6541 val_spearman=0.8250 | test_bulk_r2=0.9156 test_bulk_spearman=0.9550
[2026-03-27 14:21:08] [stage_4 15/27] target=hsa-mir-185 | building features
[2026-03-27 14:21:09] [stage_4] target=hsa-mir-185 | n_features=436 (mrna=340, cascade=96, missing=0)
[2026-03-27 14:21:42] [stage_4] target=hsa-mir-185 | train_oof_r2=0.8272 train_oof_spearman=0.9220 | val_r2=0.8222 val_spearman=0.9222 | test_bulk_r2=0.8912 test_bulk_spearman=0.9163
[2026-03-27 14:21:42] [stage_4 16/27] target=hsa-mir-346 | building features
[2026-03-27 14:21:43] [stage_4] target=hsa-mir-346 | n_features=372 (mrna=276, cascade=96, missing=0)
[2026-03-27 14:22:12] [stage_4] target=hsa-mir-346 | train_oof_r2=0.6702 train_oof_spearman=0.7396 | val_r2=0.6860 val_spearman=0.7444 | test_bulk_r2=0.8969 test_bulk_spearman=0.8168
[2026-03-27 14:22:12] [stage_4 17/27] target=hsa-mir-361 | building features
[2026-03-27 14:22:13] [stage_4] target=hsa-mir-361 | n_features=352 (mrna=256, cascade=96, missing=0)
[2026-03-27 14:22:40] [stage_4] target=hsa-mir-361 | train_oof_r2=0.5519 train_oof_spearman=0.8486 | val_r2=0.5588 val_spearman=0.8575 | test_bulk_r2=0.8367 test_bulk_spearman=0.8841
[2026-03-27 14:22:40] [stage_4 18/27] target=hsa-mir-15a | building features
[2026-03-27 14:22:41] [stage_4] target=hsa-mir-15a | n_features=545 (mrna=449, cascade=96, missing=0)
[2026-03-27 14:23:22] [stage_4] target=hsa-mir-15a | train_oof_r2=0.9858 train_oof_spearman=0.9531 | val_r2=0.9862 val_spearman=0.9530 | test_bulk_r2=0.8703 test_bulk_spearman=0.9119
[2026-03-27 14:23:22] [stage_4 19/27] target=hsa-mir-432 | building features
[2026-03-27 14:23:23] [stage_4] target=hsa-mir-432 | n_features=589 (mrna=493, cascade=96, missing=0)
[2026-03-27 14:24:07] [stage_4] target=hsa-mir-432 | train_oof_r2=0.7557 train_oof_spearman=0.8792 | val_r2=0.7560 val_spearman=0.8792 | test_bulk_r2=0.8841 test_bulk_spearman=0.9284
[2026-03-27 14:24:07] [stage_4 20/27] target=hsa-mir-210 | building features
[2026-03-27 14:24:09] [stage_4] target=hsa-mir-210 | n_features=532 (mrna=436, cascade=96, missing=0)
[2026-03-27 14:24:48] [stage_4] target=hsa-mir-210 | train_oof_r2=0.4962 train_oof_spearman=0.7929 | val_r2=0.5127 val_spearman=0.8100 | test_bulk_r2=0.7278 test_bulk_spearman=0.8517
[2026-03-27 14:24:48] [stage_4 21/27] target=hsa-mir-487a | building features
[2026-03-27 14:24:50] [stage_4] target=hsa-mir-487a | n_features=460 (mrna=364, cascade=96, missing=0)
[2026-03-27 14:25:24] [stage_4] target=hsa-mir-487a | train_oof_r2=0.7667 train_oof_spearman=0.8762 | val_r2=0.7743 val_spearman=0.8854 | test_bulk_r2=0.9218 test_bulk_spearman=0.9328
[2026-03-27 14:25:24] [stage_4 22/27] target=hsa-mir-592 | building features
[2026-03-27 14:25:26] [stage_4] target=hsa-mir-592 | n_features=661 (mrna=565, cascade=96, missing=0)
[2026-03-27 14:26:15] [stage_4] target=hsa-mir-592 | train_oof_r2=0.6478 train_oof_spearman=0.8018 | val_r2=0.6540 val_spearman=0.7995 | test_bulk_r2=0.8443 test_bulk_spearman=0.8685
[2026-03-27 14:26:15] [stage_4 23/27] target=hsa-mir-1180 | building features
[2026-03-27 14:26:17] [stage_4] target=hsa-mir-1180 | n_features=676 (mrna=580, cascade=96, missing=0)
[2026-03-27 14:27:05] [stage_4] target=hsa-mir-1180 | train_oof_r2=0.7485 train_oof_spearman=0.8993 | val_r2=0.7689 val_spearman=0.9113 | test_bulk_r2=0.9367 test_bulk_spearman=0.9696
[2026-03-27 14:27:05] [stage_4 24/27] target=hsa-mir-192 | building features
[2026-03-27 14:27:07] [stage_4] target=hsa-mir-192 | n_features=602 (mrna=506, cascade=96, missing=0)
[2026-03-27 14:27:52] [stage_4] target=hsa-mir-192 | train_oof_r2=0.9540 train_oof_spearman=0.9423 | val_r2=0.9506 val_spearman=0.9385 | test_bulk_r2=0.9761 test_bulk_spearman=0.9248
[2026-03-27 14:27:52] [stage_4 25/27] target=hsa-mir-345 | building features
[2026-03-27 14:27:54] [stage_4] target=hsa-mir-345 | n_features=508 (mrna=412, cascade=96, missing=0)
[2026-03-27 14:28:31] [stage_4] target=hsa-mir-345 | train_oof_r2=0.5012 train_oof_spearman=0.7579 | val_r2=0.5236 val_spearman=0.7726 | test_bulk_r2=0.8787 test_bulk_spearman=0.9382
[2026-03-27 14:28:31] [stage_4 26/27] target=hsa-mir-362 | building features
[2026-03-27 14:28:32] [stage_4] target=hsa-mir-362 | n_features=460 (mrna=364, cascade=96, missing=0)
[2026-03-27 14:29:07] [stage_4] target=hsa-mir-362 | train_oof_r2=0.9216 train_oof_spearman=0.9066 | val_r2=0.9276 val_spearman=0.9082 | test_bulk_r2=0.8275 test_bulk_spearman=0.8614
[2026-03-27 14:29:07] [stage_4 27/27] target=hsa-mir-542 | building features
[2026-03-27 14:29:09] [stage_4] target=hsa-mir-542 | n_features=764 (mrna=668, cascade=96, missing=0)
[2026-03-27 14:30:06] [stage_4] target=hsa-mir-542 | train_oof_r2=0.6119 train_oof_spearman=0.7828 | val_r2=0.6212 val_spearman=0.7867 | test_bulk_r2=0.8858 test_bulk_spearman=0.9389
[2026-03-27 14:30:06] === stage_5 | targets=7 ===
[2026-03-27 14:30:06] [stage_5] tuning one Optuna study for stage on targets=['hsa-mir-32', 'hsa-mir-33a', 'hsa-mir-7-1']
[2026-03-27 14:34:34] [stage_5] stage-level params selected | best_score=0.8343
[2026-03-27 14:34:34] [stage_5 1/7] target=hsa-mir-32 | building features
[2026-03-27 14:34:35] [stage_5] target=hsa-mir-32 | n_features=374 (mrna=251, cascade=123, missing=0)
[2026-03-27 14:35:04] [stage_5] target=hsa-mir-32 | train_oof_r2=0.8148 train_oof_spearman=0.8613 | val_r2=0.8256 val_spearman=0.8647 | test_bulk_r2=0.7395 test_bulk_spearman=0.8451
[2026-03-27 14:35:04] [stage_5 2/7] target=hsa-mir-33a | building features
[2026-03-27 14:35:05] [stage_5] target=hsa-mir-33a | n_features=492 (mrna=369, cascade=123, missing=0)
[2026-03-27 14:35:42] [stage_5] target=hsa-mir-33a | train_oof_r2=0.8065 train_oof_spearman=0.8453 | val_r2=0.8199 val_spearman=0.8461 | test_bulk_r2=0.8109 test_bulk_spearman=0.8719
[2026-03-27 14:35:42] [stage_5 3/7] target=hsa-mir-7-1 | building features
[2026-03-27 14:35:43] [stage_5] target=hsa-mir-7-1 | n_features=444 (mrna=321, cascade=123, missing=0)
[2026-03-27 14:36:17] [stage_5] target=hsa-mir-7-1 | train_oof_r2=0.7973 train_oof_spearman=0.8807 | val_r2=0.8019 val_spearman=0.8843 | test_bulk_r2=0.8503 test_bulk_spearman=0.9073
[2026-03-27 14:36:17] [stage_5 4/7] target=hsa-mir-19b-1 | building features
[2026-03-27 14:36:18] [stage_5] target=hsa-mir-19b-1 | n_features=492 (mrna=369, cascade=123, missing=0)
[2026-03-27 14:36:55] [stage_5] target=hsa-mir-19b-1 | train_oof_r2=0.6614 train_oof_spearman=0.7410 | val_r2=0.6668 val_spearman=0.7376 | test_bulk_r2=0.9399 test_bulk_spearman=0.9004
[2026-03-27 14:36:55] [stage_5 5/7] target=hsa-mir-585 | building features
[2026-03-27 14:36:56] [stage_5] target=hsa-mir-585 | n_features=248 (mrna=125, cascade=123, missing=0)
[2026-03-27 14:37:16] [stage_5] target=hsa-mir-585 | train_oof_r2=0.6183 train_oof_spearman=0.8198 | val_r2=0.5945 val_spearman=0.8100 | test_bulk_r2=0.8928 test_bulk_spearman=0.9227
[2026-03-27 14:37:16] [stage_5 6/7] target=hsa-mir-134 | building features
[2026-03-27 14:37:17] [stage_5] target=hsa-mir-134 | n_features=423 (mrna=300, cascade=123, missing=0)
[2026-03-27 14:37:49] [stage_5] target=hsa-mir-134 | train_oof_r2=0.8025 train_oof_spearman=0.8843 | val_r2=0.8098 val_spearman=0.8876 | test_bulk_r2=0.8543 test_bulk_spearman=0.9230
[2026-03-27 14:37:49] [stage_5 7/7] target=hsa-mir-127 | building features
[2026-03-27 14:37:51] [stage_5] target=hsa-mir-127 | n_features=560 (mrna=437, cascade=123, missing=0)
[2026-03-27 14:38:33] [stage_5] target=hsa-mir-127 | train_oof_r2=0.8941 train_oof_spearman=0.9232 | val_r2=0.8903 val_spearman=0.9278 | test_bulk_r2=0.9014 test_bulk_spearman=0.9279
[2026-03-27 14:38:33] === stage_6 | targets=6 ===
[2026-03-27 14:38:33] [stage_6] tuning one Optuna study for stage on targets=['hsa-mir-496', 'hsa-mir-29b-1', 'hsa-mir-1908']
[2026-03-27 14:44:10] [stage_6] stage-level params selected | best_score=0.6957
[2026-03-27 14:44:10] [stage_6 1/6] target=hsa-mir-496 | building features
[2026-03-27 14:44:12] [stage_6] target=hsa-mir-496 | n_features=510 (mrna=380, cascade=130, missing=0)
[2026-03-27 14:44:49] [stage_6] target=hsa-mir-496 | train_oof_r2=0.5032 train_oof_spearman=0.7492 | val_r2=0.4930 val_spearman=0.7449 | test_bulk_r2=0.7730 test_bulk_spearman=0.8080
[2026-03-27 14:44:49] [stage_6 2/6] target=hsa-mir-29b-1 | building features
[2026-03-27 14:44:50] [stage_6] target=hsa-mir-29b-1 | n_features=628 (mrna=498, cascade=130, missing=0)
[2026-03-27 14:45:37] [stage_6] target=hsa-mir-29b-1 | train_oof_r2=0.6924 train_oof_spearman=0.8402 | val_r2=0.7013 val_spearman=0.8442 | test_bulk_r2=0.9005 test_bulk_spearman=0.9381
[2026-03-27 14:45:37] [stage_6 3/6] target=hsa-mir-1908 | building features
[2026-03-27 14:45:38] [stage_6] target=hsa-mir-1908 | n_features=515 (mrna=385, cascade=130, missing=0)
[2026-03-27 14:46:16] [stage_6] target=hsa-mir-1908 | train_oof_r2=0.6421 train_oof_spearman=0.7464 | val_r2=0.6495 val_spearman=0.7484 | test_bulk_r2=0.8555 test_bulk_spearman=0.9047
[2026-03-27 14:46:16] [stage_6 4/6] target=hsa-mir-129-2 | building features
[2026-03-27 14:46:18] [stage_6] target=hsa-mir-129-2 | n_features=526 (mrna=396, cascade=130, missing=0)
[2026-03-27 14:46:57] [stage_6] target=hsa-mir-129-2 | train_oof_r2=0.5622 train_oof_spearman=0.6034 | val_r2=0.5751 val_spearman=0.6128 | test_bulk_r2=0.8459 test_bulk_spearman=0.7746
[2026-03-27 14:46:57] [stage_6 5/6] target=hsa-mir-30e | building features
[2026-03-27 14:46:59] [stage_6] target=hsa-mir-30e | n_features=481 (mrna=351, cascade=130, missing=0)
[2026-03-27 14:47:36] [stage_6] target=hsa-mir-30e | train_oof_r2=0.9683 train_oof_spearman=0.9704 | val_r2=0.9627 val_spearman=0.9703 | test_bulk_r2=0.9482 test_bulk_spearman=0.9530
[2026-03-27 14:47:36] [stage_6 6/6] target=hsa-mir-301b | building features
[2026-03-27 14:47:37] [stage_6] target=hsa-mir-301b | n_features=381 (mrna=251, cascade=130, missing=0)
[2026-03-27 14:48:07] [stage_6] target=hsa-mir-301b | train_oof_r2=0.4773 train_oof_spearman=0.5054 | val_r2=0.4994 val_spearman=0.5307 | test_bulk_r2=0.5989 test_bulk_spearman=0.7286
[2026-03-27 14:48:07] === stage_7 | targets=100 ===
[2026-03-27 14:48:07] [stage_7] tuning one Optuna study for stage on targets=['hsa-mir-450a-2', 'hsa-mir-605', 'hsa-mir-628']
[2026-03-27 14:52:09] [stage_7] stage-level params selected | best_score=0.5486
[2026-03-27 14:52:09] [stage_7 1/100] target=hsa-mir-450a-2 | building features
[2026-03-27 14:52:10] [stage_7] target=hsa-mir-450a-2 | n_features=537 (mrna=401, cascade=136, missing=0)
[2026-03-27 14:52:51] [stage_7] target=hsa-mir-450a-2 | train_oof_r2=0.6322 train_oof_spearman=0.8418 | val_r2=0.6281 val_spearman=0.8453 | test_bulk_r2=0.7472 test_bulk_spearman=0.8133
[2026-03-27 14:52:51] [stage_7 2/100] target=hsa-mir-605 | building features
[2026-03-27 14:52:52] [stage_7] target=hsa-mir-605 | n_features=271 (mrna=135, cascade=136, missing=0)
[2026-03-27 14:53:13] [stage_7] target=hsa-mir-605 | train_oof_r2=0.1794 train_oof_spearman=0.5648 | val_r2=0.2150 val_spearman=0.5889 | test_bulk_r2=0.5145 test_bulk_spearman=0.6387
[2026-03-27 14:53:13] [stage_7 3/100] target=hsa-mir-628 | building features
[2026-03-27 14:53:14] [stage_7] target=hsa-mir-628 | n_features=295 (mrna=159, cascade=136, missing=0)
[2026-03-27 14:53:37] [stage_7] target=hsa-mir-628 | train_oof_r2=0.3738 train_oof_spearman=0.6993 | val_r2=0.4174 val_spearman=0.7283 | test_bulk_r2=0.8478 test_bulk_spearman=0.8990
[2026-03-27 14:53:37] [stage_7 4/100] target=hsa-mir-410 | building features
[2026-03-27 14:53:39] [stage_7] target=hsa-mir-410 | n_features=620 (mrna=484, cascade=136, missing=0)
[2026-03-27 14:54:25] [stage_7] target=hsa-mir-410 | train_oof_r2=0.7708 train_oof_spearman=0.8548 | val_r2=0.7724 val_spearman=0.8626 | test_bulk_r2=0.8716 test_bulk_spearman=0.8665
[2026-03-27 14:54:25] [stage_7 5/100] target=hsa-mir-3173 | building features
[2026-03-27 14:54:26] [stage_7] target=hsa-mir-3173 | n_features=413 (mrna=277, cascade=136, missing=0)
[2026-03-27 14:54:56] [stage_7] target=hsa-mir-3173 | train_oof_r2=0.5445 train_oof_spearman=0.8345 | val_r2=0.5035 val_spearman=0.8349 | test_bulk_r2=0.7960 test_bulk_spearman=0.8288
[2026-03-27 14:54:56] [stage_7 6/100] target=hsa-mir-188 | building features
[2026-03-27 14:54:57] [stage_7] target=hsa-mir-188 | n_features=475 (mrna=339, cascade=136, missing=0)
[2026-03-27 14:55:32] [stage_7] target=hsa-mir-188 | train_oof_r2=0.3150 train_oof_spearman=0.6453 | val_r2=0.3052 val_spearman=0.6418 | test_bulk_r2=0.8031 test_bulk_spearman=0.8360
[2026-03-27 14:55:32] [stage_7 7/100] target=hsa-mir-3126 | building features
[2026-03-27 14:55:32] [stage_7] target=hsa-mir-3126 | n_features=294 (mrna=158, cascade=136, missing=0)
[2026-03-27 14:55:55] [stage_7] target=hsa-mir-3126 | train_oof_r2=0.2701 train_oof_spearman=0.6253 | val_r2=0.2896 val_spearman=0.6502 | test_bulk_r2=0.4618 test_bulk_spearman=0.6197
[2026-03-27 14:55:55] [stage_7 8/100] target=hsa-mir-579 | building features
[2026-03-27 14:55:56] [stage_7] target=hsa-mir-579 | n_features=302 (mrna=166, cascade=136, missing=0)
[2026-03-27 14:56:19] [stage_7] target=hsa-mir-579 | train_oof_r2=0.1544 train_oof_spearman=0.5437 | val_r2=0.1582 val_spearman=0.5670 | test_bulk_r2=0.6342 test_bulk_spearman=0.7188
[2026-03-27 14:56:19] [stage_7 9/100] target=hsa-mir-212 | building features
[2026-03-27 14:56:20] [stage_7] target=hsa-mir-212 | n_features=571 (mrna=435, cascade=136, missing=0)
[2026-03-27 14:57:01] [stage_7] target=hsa-mir-212 | train_oof_r2=0.3056 train_oof_spearman=0.6259 | val_r2=0.2989 val_spearman=0.6273 | test_bulk_r2=0.7918 test_bulk_spearman=0.8771
[2026-03-27 14:57:01] [stage_7 10/100] target=hsa-mir-4766 | building features
[2026-03-27 14:57:02] [stage_7] target=hsa-mir-4766 | n_features=228 (mrna=92, cascade=136, missing=0)
[2026-03-27 14:57:20] [stage_7] target=hsa-mir-4766 | train_oof_r2=0.1043 train_oof_spearman=0.4334 | val_r2=0.1752 val_spearman=0.4551 | test_bulk_r2=0.4434 test_bulk_spearman=0.5361
[2026-03-27 14:57:20] [stage_7 11/100] target=hsa-mir-3934 | building features
[2026-03-27 14:57:21] [stage_7] target=hsa-mir-3934 | n_features=393 (mrna=257, cascade=136, missing=0)
[2026-03-27 14:57:52] [stage_7] target=hsa-mir-3934 | train_oof_r2=0.5319 train_oof_spearman=0.8568 | val_r2=0.5265 val_spearman=0.8673 | test_bulk_r2=0.7368 test_bulk_spearman=0.8582
[2026-03-27 14:57:52] [stage_7 12/100] target=hsa-mir-449a | building features
[2026-03-27 14:57:52] [stage_7] target=hsa-mir-449a | n_features=316 (mrna=180, cascade=136, missing=0)
[2026-03-27 14:58:17] [stage_7] target=hsa-mir-449a | train_oof_r2=0.7703 train_oof_spearman=0.6400 | val_r2=0.7671 val_spearman=0.6693 | test_bulk_r2=0.8603 test_bulk_spearman=0.6275
[2026-03-27 14:58:17] [stage_7 13/100] target=hsa-mir-3065 | building features
[2026-03-27 14:58:18] [stage_7] target=hsa-mir-3065 | n_features=637 (mrna=501, cascade=136, missing=0)
[2026-03-27 14:59:05] [stage_7] target=hsa-mir-3065 | train_oof_r2=0.4710 train_oof_spearman=0.7587 | val_r2=0.4663 val_spearman=0.7551 | test_bulk_r2=0.8245 test_bulk_spearman=0.9142
[2026-03-27 14:59:05] [stage_7 14/100] target=hsa-mir-20b | building features
[2026-03-27 14:59:07] [stage_7] target=hsa-mir-20b | n_features=584 (mrna=448, cascade=136, missing=0)
[2026-03-27 14:59:50] [stage_7] target=hsa-mir-20b | train_oof_r2=0.6117 train_oof_spearman=0.8204 | val_r2=0.6077 val_spearman=0.8219 | test_bulk_r2=0.7408 test_bulk_spearman=0.8540
[2026-03-27 14:59:50] [stage_7 15/100] target=hsa-mir-3944 | building features
[2026-03-27 14:59:50] [stage_7] target=hsa-mir-3944 | n_features=213 (mrna=77, cascade=136, missing=0)
[2026-03-27 15:00:08] [stage_7] target=hsa-mir-3944 | train_oof_r2=0.1830 train_oof_spearman=0.1951 | val_r2=0.2314 val_spearman=0.2293 | test_bulk_r2=0.5966 test_bulk_spearman=0.5069
[2026-03-27 15:00:08] [stage_7 16/100] target=hsa-mir-1185-2 | building features
[2026-03-27 15:00:09] [stage_7] target=hsa-mir-1185-2 | n_features=434 (mrna=298, cascade=136, missing=0)
[2026-03-27 15:00:41] [stage_7] target=hsa-mir-1185-2 | train_oof_r2=0.6239 train_oof_spearman=0.8268 | val_r2=0.6355 val_spearman=0.8426 | test_bulk_r2=0.8632 test_bulk_spearman=0.8816
[2026-03-27 15:00:41] [stage_7 17/100] target=hsa-mir-491 | building features
[2026-03-27 15:00:43] [stage_7] target=hsa-mir-491 | n_features=476 (mrna=340, cascade=136, missing=0)
[2026-03-27 15:01:17] [stage_7] target=hsa-mir-491 | train_oof_r2=0.2803 train_oof_spearman=0.5323 | val_r2=0.3184 val_spearman=0.5551 | test_bulk_r2=0.7372 test_bulk_spearman=0.8073
[2026-03-27 15:01:17] [stage_7 18/100] target=hsa-mir-30c-2 | building features
[2026-03-27 15:01:19] [stage_7] target=hsa-mir-30c-2 | n_features=584 (mrna=448, cascade=136, missing=0)
[2026-03-27 15:02:03] [stage_7] target=hsa-mir-30c-2 | train_oof_r2=0.9696 train_oof_spearman=0.9701 | val_r2=0.9658 val_spearman=0.9692 | test_bulk_r2=0.9379 test_bulk_spearman=0.9603
[2026-03-27 15:02:03] [stage_7 19/100] target=hsa-mir-1286 | building features
[2026-03-27 15:02:03] [stage_7] target=hsa-mir-1286 | n_features=294 (mrna=158, cascade=136, missing=0)
[2026-03-27 15:02:25] [stage_7] target=hsa-mir-1286 | train_oof_r2=0.3446 train_oof_spearman=0.4360 | val_r2=0.5649 val_spearman=0.4627 | test_bulk_r2=0.7188 test_bulk_spearman=0.4845
[2026-03-27 15:02:25] [stage_7 20/100] target=hsa-mir-103a-1 | building features
[2026-03-27 15:02:26] [stage_7] target=hsa-mir-103a-1 | n_features=390 (mrna=254, cascade=136, missing=0)
[2026-03-27 15:02:54] [stage_7] target=hsa-mir-103a-1 | train_oof_r2=0.9692 train_oof_spearman=0.8938 | val_r2=0.9692 val_spearman=0.9058 | test_bulk_r2=0.9935 test_bulk_spearman=0.9247
[2026-03-27 15:02:54] [stage_7 21/100] target=hsa-mir-651 | building features
[2026-03-27 15:02:56] [stage_7] target=hsa-mir-651 | n_features=514 (mrna=378, cascade=136, missing=0)
[2026-03-27 15:03:33] [stage_7] target=hsa-mir-651 | train_oof_r2=0.3538 train_oof_spearman=0.6436 | val_r2=0.3705 val_spearman=0.6573 | test_bulk_r2=0.6551 test_bulk_spearman=0.8071
[2026-03-27 15:03:33] [stage_7 22/100] target=hsa-mir-4731 | building features
[2026-03-27 15:03:34] [stage_7] target=hsa-mir-4731 | n_features=375 (mrna=239, cascade=136, missing=0)
[2026-03-27 15:04:02] [stage_7] target=hsa-mir-4731 | train_oof_r2=0.3974 train_oof_spearman=0.7209 | val_r2=0.3741 val_spearman=0.7204 | test_bulk_r2=0.7089 test_bulk_spearman=0.7859
[2026-03-27 15:04:02] [stage_7 23/100] target=hsa-mir-7854 | building features
[2026-03-27 15:04:03] [stage_7] target=hsa-mir-7854 | n_features=441 (mrna=305, cascade=136, missing=0)
[2026-03-27 15:04:36] [stage_7] target=hsa-mir-7854 | train_oof_r2=0.3359 train_oof_spearman=0.6632 | val_r2=0.3340 val_spearman=0.6922 | test_bulk_r2=0.6356 test_bulk_spearman=0.6814
[2026-03-27 15:04:36] [stage_7 24/100] target=hsa-mir-186 | building features
[2026-03-27 15:04:37] [stage_7] target=hsa-mir-186 | n_features=296 (mrna=160, cascade=136, missing=0)
[2026-03-27 15:05:00] [stage_7] target=hsa-mir-186 | train_oof_r2=0.5524 train_oof_spearman=0.7019 | val_r2=0.5559 val_spearman=0.7142 | test_bulk_r2=0.8729 test_bulk_spearman=0.9113
[2026-03-27 15:05:00] [stage_7 25/100] target=hsa-mir-26a-2 | building features
[2026-03-27 15:05:01] [stage_7] target=hsa-mir-26a-2 | n_features=379 (mrna=243, cascade=136, missing=0)
[2026-03-27 15:05:30] [stage_7] target=hsa-mir-26a-2 | train_oof_r2=0.9158 train_oof_spearman=0.9339 | val_r2=0.9185 val_spearman=0.9361 | test_bulk_r2=0.9721 test_bulk_spearman=0.9488
[2026-03-27 15:05:30] [stage_7 26/100] target=hsa-mir-758 | building features
[2026-03-27 15:05:32] [stage_7] target=hsa-mir-758 | n_features=604 (mrna=468, cascade=136, missing=0)
[2026-03-27 15:06:18] [stage_7] target=hsa-mir-758 | train_oof_r2=0.7834 train_oof_spearman=0.8681 | val_r2=0.7919 val_spearman=0.8748 | test_bulk_r2=0.8537 test_bulk_spearman=0.8909
[2026-03-27 15:06:18] [stage_7 27/100] target=hsa-mir-125b-1 | building features
[2026-03-27 15:06:19] [stage_7] target=hsa-mir-125b-1 | n_features=399 (mrna=263, cascade=136, missing=0)
[2026-03-27 15:06:51] [stage_7] target=hsa-mir-125b-1 | train_oof_r2=0.9494 train_oof_spearman=0.9499 | val_r2=0.9556 val_spearman=0.9535 | test_bulk_r2=0.9004 test_bulk_spearman=0.9316
[2026-03-27 15:06:51] [stage_7 28/100] target=hsa-mir-1247 | building features
[2026-03-27 15:06:53] [stage_7] target=hsa-mir-1247 | n_features=568 (mrna=432, cascade=136, missing=0)
[2026-03-27 15:07:36] [stage_7] target=hsa-mir-1247 | train_oof_r2=0.8575 train_oof_spearman=0.9266 | val_r2=0.8523 val_spearman=0.9262 | test_bulk_r2=0.8821 test_bulk_spearman=0.9361
[2026-03-27 15:07:36] [stage_7 29/100] target=hsa-mir-323b | building features
[2026-03-27 15:07:37] [stage_7] target=hsa-mir-323b | n_features=383 (mrna=247, cascade=136, missing=0)
[2026-03-27 15:08:06] [stage_7] target=hsa-mir-323b | train_oof_r2=0.5473 train_oof_spearman=0.7442 | val_r2=0.5306 val_spearman=0.7365 | test_bulk_r2=0.7855 test_bulk_spearman=0.8405
[2026-03-27 15:08:06] [stage_7 30/100] target=hsa-mir-365a | building features
[2026-03-27 15:08:07] [stage_7] target=hsa-mir-365a | n_features=478 (mrna=342, cascade=136, missing=0)
[2026-03-27 15:08:43] [stage_7] target=hsa-mir-365a | train_oof_r2=0.8097 train_oof_spearman=0.8854 | val_r2=0.8017 val_spearman=0.8793 | test_bulk_r2=0.8159 test_bulk_spearman=0.9106
[2026-03-27 15:08:43] [stage_7 31/100] target=hsa-mir-3909 | building features
[2026-03-27 15:08:44] [stage_7] target=hsa-mir-3909 | n_features=433 (mrna=297, cascade=136, missing=0)
[2026-03-27 15:09:16] [stage_7] target=hsa-mir-3909 | train_oof_r2=0.7899 train_oof_spearman=0.8632 | val_r2=0.7991 val_spearman=0.8756 | test_bulk_r2=0.9567 test_bulk_spearman=0.9356
[2026-03-27 15:09:16] [stage_7 32/100] target=hsa-mir-675 | building features
[2026-03-27 15:09:17] [stage_7] target=hsa-mir-675 | n_features=282 (mrna=146, cascade=136, missing=0)
[2026-03-27 15:09:40] [stage_7] target=hsa-mir-675 | train_oof_r2=0.7597 train_oof_spearman=0.8101 | val_r2=0.7450 val_spearman=0.8036 | test_bulk_r2=0.8013 test_bulk_spearman=0.8667
[2026-03-27 15:09:40] [stage_7 33/100] target=hsa-mir-129-1 | building features
[2026-03-27 15:09:41] [stage_7] target=hsa-mir-129-1 | n_features=420 (mrna=284, cascade=136, missing=0)
[2026-03-27 15:10:13] [stage_7] target=hsa-mir-129-1 | train_oof_r2=0.7099 train_oof_spearman=0.7555 | val_r2=0.7168 val_spearman=0.7740 | test_bulk_r2=0.8535 test_bulk_spearman=0.7959
[2026-03-27 15:10:13] [stage_7 34/100] target=hsa-mir-653 | building features
[2026-03-27 15:10:14] [stage_7] target=hsa-mir-653 | n_features=523 (mrna=387, cascade=136, missing=0)
[2026-03-27 15:10:55] [stage_7] target=hsa-mir-653 | train_oof_r2=0.8355 train_oof_spearman=0.9167 | val_r2=0.8361 val_spearman=0.9167 | test_bulk_r2=0.8148 test_bulk_spearman=0.8808
[2026-03-27 15:10:55] [stage_7 35/100] target=hsa-mir-155 | building features
[2026-03-27 15:10:56] [stage_7] target=hsa-mir-155 | n_features=537 (mrna=401, cascade=136, missing=0)
[2026-03-27 15:11:37] [stage_7] target=hsa-mir-155 | train_oof_r2=0.9356 train_oof_spearman=0.9391 | val_r2=0.9365 val_spearman=0.9408 | test_bulk_r2=0.8769 test_bulk_spearman=0.9213
[2026-03-27 15:11:37] [stage_7 36/100] target=hsa-mir-1914 | building features
[2026-03-27 15:11:38] [stage_7] target=hsa-mir-1914 | n_features=295 (mrna=159, cascade=136, missing=0)
[2026-03-27 15:12:01] [stage_7] target=hsa-mir-1914 | train_oof_r2=0.0949 train_oof_spearman=0.2434 | val_r2=0.1178 val_spearman=0.2455 | test_bulk_r2=0.2939 test_bulk_spearman=0.4485
[2026-03-27 15:12:01] [stage_7 37/100] target=hsa-mir-328 | building features
[2026-03-27 15:12:02] [stage_7] target=hsa-mir-328 | n_features=595 (mrna=459, cascade=136, missing=0)
[2026-03-27 15:12:47] [stage_7] target=hsa-mir-328 | train_oof_r2=0.5459 train_oof_spearman=0.7506 | val_r2=0.5465 val_spearman=0.7555 | test_bulk_r2=0.9262 test_bulk_spearman=0.9643
[2026-03-27 15:12:47] [stage_7 38/100] target=hsa-mir-412 | building features
[2026-03-27 15:12:49] [stage_7] target=hsa-mir-412 | n_features=730 (mrna=594, cascade=136, missing=0)
[2026-03-27 15:13:45] [stage_7] target=hsa-mir-412 | train_oof_r2=0.7023 train_oof_spearman=0.8477 | val_r2=0.7049 val_spearman=0.8586 | test_bulk_r2=0.6638 test_bulk_spearman=0.7648
[2026-03-27 15:13:45] [stage_7 39/100] target=hsa-mir-363 | building features
[2026-03-27 15:13:47] [stage_7] target=hsa-mir-363 | n_features=697 (mrna=561, cascade=136, missing=0)
[2026-03-27 15:14:41] [stage_7] target=hsa-mir-363 | train_oof_r2=0.9314 train_oof_spearman=0.9631 | val_r2=0.9317 val_spearman=0.9640 | test_bulk_r2=0.9276 test_bulk_spearman=0.9676
[2026-03-27 15:14:41] [stage_7 40/100] target=hsa-mir-556 | building features
[2026-03-27 15:14:43] [stage_7] target=hsa-mir-556 | n_features=506 (mrna=370, cascade=136, missing=0)
[2026-03-27 15:15:20] [stage_7] target=hsa-mir-556 | train_oof_r2=0.3417 train_oof_spearman=0.5820 | val_r2=0.3498 val_spearman=0.5937 | test_bulk_r2=0.6486 test_bulk_spearman=0.7528
[2026-03-27 15:15:20] [stage_7 41/100] target=hsa-mir-187 | building features
[2026-03-27 15:15:21] [stage_7] target=hsa-mir-187 | n_features=562 (mrna=426, cascade=136, missing=0)
[2026-03-27 15:16:05] [stage_7] target=hsa-mir-187 | train_oof_r2=0.6831 train_oof_spearman=0.8501 | val_r2=0.6944 val_spearman=0.8551 | test_bulk_r2=0.7603 test_bulk_spearman=0.8520
[2026-03-27 15:16:05] [stage_7 42/100] target=hsa-mir-326 | building features
[2026-03-27 15:16:06] [stage_7] target=hsa-mir-326 | n_features=572 (mrna=436, cascade=136, missing=0)
[2026-03-27 15:16:51] [stage_7] target=hsa-mir-326 | train_oof_r2=0.8591 train_oof_spearman=0.9355 | val_r2=0.8454 val_spearman=0.9326 | test_bulk_r2=0.8705 test_bulk_spearman=0.9299
[2026-03-27 15:16:51] [stage_7 43/100] target=hsa-mir-219b | building features
[2026-03-27 15:16:52] [stage_7] target=hsa-mir-219b | n_features=235 (mrna=99, cascade=136, missing=0)
[2026-03-27 15:17:10] [stage_7] target=hsa-mir-219b | train_oof_r2=0.1351 train_oof_spearman=0.1914 | val_r2=0.1468 val_spearman=0.1909 | test_bulk_r2=0.4065 test_bulk_spearman=0.5460
[2026-03-27 15:17:10] [stage_7 44/100] target=hsa-mir-128-1 | building features
[2026-03-27 15:17:12] [stage_7] target=hsa-mir-128-1 | n_features=540 (mrna=404, cascade=136, missing=0)
[2026-03-27 15:17:51] [stage_7] target=hsa-mir-128-1 | train_oof_r2=0.7175 train_oof_spearman=0.8167 | val_r2=0.7223 val_spearman=0.8212 | test_bulk_r2=0.9492 test_bulk_spearman=0.9450
[2026-03-27 15:17:51] [stage_7 45/100] target=hsa-mir-200c | building features
[2026-03-27 15:17:52] [stage_7] target=hsa-mir-200c | n_features=353 (mrna=217, cascade=136, missing=0)
[2026-03-27 15:18:20] [stage_7] target=hsa-mir-200c | train_oof_r2=0.6276 train_oof_spearman=0.8095 | val_r2=0.6288 val_spearman=0.8119 | test_bulk_r2=0.9207 test_bulk_spearman=0.9271
[2026-03-27 15:18:20] [stage_7 46/100] target=hsa-mir-215 | building features
[2026-03-27 15:18:22] [stage_7] target=hsa-mir-215 | n_features=578 (mrna=442, cascade=136, missing=0)
[2026-03-27 15:19:05] [stage_7] target=hsa-mir-215 | train_oof_r2=0.4868 train_oof_spearman=0.6830 | val_r2=0.4837 val_spearman=0.6752 | test_bulk_r2=0.8786 test_bulk_spearman=0.8714
[2026-03-27 15:19:05] [stage_7 47/100] target=hsa-mir-876 | building features
[2026-03-27 15:19:06] [stage_7] target=hsa-mir-876 | n_features=497 (mrna=361, cascade=136, missing=0)
[2026-03-27 15:19:42] [stage_7] target=hsa-mir-876 | train_oof_r2=0.3744 train_oof_spearman=0.5457 | val_r2=0.4301 val_spearman=0.5630 | test_bulk_r2=0.8285 test_bulk_spearman=0.6671
[2026-03-27 15:19:42] [stage_7 48/100] target=hsa-mir-1276 | building features
[2026-03-27 15:19:43] [stage_7] target=hsa-mir-1276 | n_features=302 (mrna=166, cascade=136, missing=0)
[2026-03-27 15:20:06] [stage_7] target=hsa-mir-1276 | train_oof_r2=0.2647 train_oof_spearman=0.6185 | val_r2=0.2404 val_spearman=0.6421 | test_bulk_r2=0.4695 test_bulk_spearman=0.5937
[2026-03-27 15:20:06] [stage_7 49/100] target=hsa-mir-190b | building features
[2026-03-27 15:20:08] [stage_7] target=hsa-mir-190b | n_features=520 (mrna=384, cascade=136, missing=0)
[2026-03-27 15:20:46] [stage_7] target=hsa-mir-190b | train_oof_r2=0.5173 train_oof_spearman=0.7927 | val_r2=0.4794 val_spearman=0.7859 | test_bulk_r2=0.8600 test_bulk_spearman=0.9141
[2026-03-27 15:20:46] [stage_7 50/100] target=hsa-mir-4677 | building features
[2026-03-27 15:20:47] [stage_7] target=hsa-mir-4677 | n_features=302 (mrna=166, cascade=136, missing=0)
[2026-03-27 15:21:10] [stage_7] target=hsa-mir-4677 | train_oof_r2=0.2355 train_oof_spearman=0.7116 | val_r2=0.2564 val_spearman=0.7253 | test_bulk_r2=0.6766 test_bulk_spearman=0.7707
[2026-03-27 15:21:10] [stage_7 51/100] target=hsa-mir-483 | building features
[2026-03-27 15:21:12] [stage_7] target=hsa-mir-483 | n_features=543 (mrna=407, cascade=136, missing=0)
[2026-03-27 15:21:54] [stage_7] target=hsa-mir-483 | train_oof_r2=0.7820 train_oof_spearman=0.8856 | val_r2=0.8053 val_spearman=0.8943 | test_bulk_r2=0.8503 test_bulk_spearman=0.8933
[2026-03-27 15:21:54] [stage_7 52/100] target=hsa-mir-522 | building features
[2026-03-27 15:21:54] [stage_7] target=hsa-mir-522 | n_features=336 (mrna=200, cascade=136, missing=0)
[2026-03-27 15:22:21] [stage_7] target=hsa-mir-522 | train_oof_r2=0.5169 train_oof_spearman=0.5682 | val_r2=0.5608 val_spearman=0.5896 | test_bulk_r2=0.6399 test_bulk_spearman=0.5976
[2026-03-27 15:22:21] [stage_7 53/100] target=hsa-mir-200a | building features
[2026-03-27 15:22:22] [stage_7] target=hsa-mir-200a | n_features=516 (mrna=380, cascade=136, missing=0)
[2026-03-27 15:23:02] [stage_7] target=hsa-mir-200a | train_oof_r2=0.9163 train_oof_spearman=0.9111 | val_r2=0.9238 val_spearman=0.9135 | test_bulk_r2=0.9337 test_bulk_spearman=0.9486
[2026-03-27 15:23:02] [stage_7 54/100] target=hsa-mir-1185-1 | building features
[2026-03-27 15:23:04] [stage_7] target=hsa-mir-1185-1 | n_features=527 (mrna=391, cascade=136, missing=0)
[2026-03-27 15:23:43] [stage_7] target=hsa-mir-1185-1 | train_oof_r2=0.7089 train_oof_spearman=0.8594 | val_r2=0.7199 val_spearman=0.8714 | test_bulk_r2=0.9085 test_bulk_spearman=0.9248
[2026-03-27 15:23:43] [stage_7 55/100] target=hsa-mir-3942 | building features
[2026-03-27 15:23:44] [stage_7] target=hsa-mir-3942 | n_features=294 (mrna=158, cascade=136, missing=0)
[2026-03-27 15:24:06] [stage_7] target=hsa-mir-3942 | train_oof_r2=0.0885 train_oof_spearman=0.4236 | val_r2=0.0969 val_spearman=0.4360 | test_bulk_r2=0.4930 test_bulk_spearman=0.5783
[2026-03-27 15:24:06] [stage_7 56/100] target=hsa-mir-589 | building features
[2026-03-27 15:24:07] [stage_7] target=hsa-mir-589 | n_features=452 (mrna=316, cascade=136, missing=0)
[2026-03-27 15:24:40] [stage_7] target=hsa-mir-589 | train_oof_r2=0.2322 train_oof_spearman=0.6218 | val_r2=0.2496 val_spearman=0.6264 | test_bulk_r2=0.8316 test_bulk_spearman=0.8935
[2026-03-27 15:24:40] [stage_7 57/100] target=hsa-mir-3145 | building features
[2026-03-27 15:24:41] [stage_7] target=hsa-mir-3145 | n_features=362 (mrna=226, cascade=136, missing=0)
[2026-03-27 15:25:08] [stage_7] target=hsa-mir-3145 | train_oof_r2=0.1938 train_oof_spearman=0.4725 | val_r2=0.1890 val_spearman=0.5006 | test_bulk_r2=0.5401 test_bulk_spearman=0.5237
[2026-03-27 15:25:08] [stage_7 58/100] target=hsa-mir-2276 | building features
[2026-03-27 15:25:09] [stage_7] target=hsa-mir-2276 | n_features=359 (mrna=223, cascade=136, missing=0)
[2026-03-27 15:25:36] [stage_7] target=hsa-mir-2276 | train_oof_r2=0.3936 train_oof_spearman=0.6528 | val_r2=0.4033 val_spearman=0.6763 | test_bulk_r2=0.7731 test_bulk_spearman=0.7615
[2026-03-27 15:25:36] [stage_7 59/100] target=hsa-mir-887 | building features
[2026-03-27 15:25:37] [stage_7] target=hsa-mir-887 | n_features=518 (mrna=382, cascade=136, missing=0)
[2026-03-27 15:26:15] [stage_7] target=hsa-mir-887 | train_oof_r2=0.6824 train_oof_spearman=0.8965 | val_r2=0.6823 val_spearman=0.8974 | test_bulk_r2=0.8790 test_bulk_spearman=0.9350
[2026-03-27 15:26:15] [stage_7 60/100] target=hsa-mir-584 | building features
[2026-03-27 15:26:17] [stage_7] target=hsa-mir-584 | n_features=707 (mrna=571, cascade=136, missing=0)
[2026-03-27 15:27:08] [stage_7] target=hsa-mir-584 | train_oof_r2=0.5670 train_oof_spearman=0.7795 | val_r2=0.5645 val_spearman=0.7806 | test_bulk_r2=0.9030 test_bulk_spearman=0.9557
[2026-03-27 15:27:08] [stage_7 61/100] target=hsa-mir-1910 | building features
[2026-03-27 15:27:09] [stage_7] target=hsa-mir-1910 | n_features=379 (mrna=243, cascade=136, missing=0)
[2026-03-27 15:27:38] [stage_7] target=hsa-mir-1910 | train_oof_r2=0.2503 train_oof_spearman=0.4353 | val_r2=0.2933 val_spearman=0.4493 | test_bulk_r2=0.4777 test_bulk_spearman=0.5789
[2026-03-27 15:27:38] [stage_7 62/100] target=hsa-mir-331 | building features
[2026-03-27 15:27:40] [stage_7] target=hsa-mir-331 | n_features=543 (mrna=407, cascade=136, missing=0)
[2026-03-27 15:28:19] [stage_7] target=hsa-mir-331 | train_oof_r2=0.3656 train_oof_spearman=0.7208 | val_r2=0.3544 val_spearman=0.7211 | test_bulk_r2=0.8974 test_bulk_spearman=0.9466
[2026-03-27 15:28:19] [stage_7 63/100] target=hsa-mir-577 | building features
[2026-03-27 15:28:21] [stage_7] target=hsa-mir-577 | n_features=536 (mrna=400, cascade=136, missing=0)
[2026-03-27 15:28:59] [stage_7] target=hsa-mir-577 | train_oof_r2=0.5205 train_oof_spearman=0.7163 | val_r2=0.5104 val_spearman=0.7146 | test_bulk_r2=0.8328 test_bulk_spearman=0.8566
[2026-03-27 15:28:59] [stage_7 64/100] target=hsa-mir-2116 | building features
[2026-03-27 15:29:00] [stage_7] target=hsa-mir-2116 | n_features=369 (mrna=233, cascade=136, missing=0)
[2026-03-27 15:29:28] [stage_7] target=hsa-mir-2116 | train_oof_r2=0.2036 train_oof_spearman=0.5757 | val_r2=0.2174 val_spearman=0.5763 | test_bulk_r2=0.5630 test_bulk_spearman=0.7174
[2026-03-27 15:29:28] [stage_7 65/100] target=hsa-mir-576 | building features
[2026-03-27 15:29:29] [stage_7] target=hsa-mir-576 | n_features=560 (mrna=424, cascade=136, missing=0)
[2026-03-27 15:30:10] [stage_7] target=hsa-mir-576 | train_oof_r2=0.2209 train_oof_spearman=0.5563 | val_r2=0.2407 val_spearman=0.5662 | test_bulk_r2=0.7587 test_bulk_spearman=0.7997
[2026-03-27 15:30:10] [stage_7 66/100] target=hsa-mir-204 | building features
[2026-03-27 15:30:14] [stage_7] target=hsa-mir-204 | n_features=1359 (mrna=1223, cascade=136, missing=0)
[2026-03-27 15:31:55] [stage_7] target=hsa-mir-204 | train_oof_r2=0.9092 train_oof_spearman=0.9452 | val_r2=0.9058 val_spearman=0.9431 | test_bulk_r2=0.9523 test_bulk_spearman=0.9743
[2026-03-27 15:31:55] [stage_7 67/100] target=hsa-mir-1343 | building features
[2026-03-27 15:31:56] [stage_7] target=hsa-mir-1343 | n_features=507 (mrna=371, cascade=136, missing=0)
[2026-03-27 15:32:34] [stage_7] target=hsa-mir-1343 | train_oof_r2=0.3421 train_oof_spearman=0.7035 | val_r2=0.3457 val_spearman=0.7034 | test_bulk_r2=0.8140 test_bulk_spearman=0.8778
[2026-03-27 15:32:34] [stage_7 68/100] target=hsa-mir-29c | building features
[2026-03-27 15:32:35] [stage_7] target=hsa-mir-29c | n_features=511 (mrna=375, cascade=136, missing=0)
[2026-03-27 15:33:13] [stage_7] target=hsa-mir-29c | train_oof_r2=0.5071 train_oof_spearman=0.6852 | val_r2=0.4932 val_spearman=0.6713 | test_bulk_r2=0.8304 test_bulk_spearman=0.9035
[2026-03-27 15:33:13] [stage_7 69/100] target=hsa-mir-642a | building features
[2026-03-27 15:33:15] [stage_7] target=hsa-mir-642a | n_features=737 (mrna=601, cascade=136, missing=0)
[2026-03-27 15:34:09] [stage_7] target=hsa-mir-642a | train_oof_r2=0.5977 train_oof_spearman=0.5991 | val_r2=0.5896 val_spearman=0.5957 | test_bulk_r2=0.6302 test_bulk_spearman=0.7887
[2026-03-27 15:34:09] [stage_7 70/100] target=hsa-mir-616 | building features
[2026-03-27 15:34:10] [stage_7] target=hsa-mir-616 | n_features=549 (mrna=413, cascade=136, missing=0)
[2026-03-27 15:34:50] [stage_7] target=hsa-mir-616 | train_oof_r2=0.2664 train_oof_spearman=0.4418 | val_r2=0.2776 val_spearman=0.4502 | test_bulk_r2=0.5808 test_bulk_spearman=0.7459
[2026-03-27 15:34:50] [stage_7 71/100] target=hsa-mir-499a | building features
[2026-03-27 15:34:52] [stage_7] target=hsa-mir-499a | n_features=513 (mrna=377, cascade=136, missing=0)
[2026-03-27 15:35:29] [stage_7] target=hsa-mir-499a | train_oof_r2=0.4024 train_oof_spearman=0.4290 | val_r2=0.4135 val_spearman=0.4287 | test_bulk_r2=0.8064 test_bulk_spearman=0.6465
[2026-03-27 15:35:29] [stage_7 72/100] target=hsa-mir-216b | building features
[2026-03-27 15:35:30] [stage_7] target=hsa-mir-216b | n_features=326 (mrna=190, cascade=136, missing=0)
[2026-03-27 15:35:54] [stage_7] target=hsa-mir-216b | train_oof_r2=0.4780 train_oof_spearman=0.5085 | val_r2=0.4928 val_spearman=0.4955 | test_bulk_r2=0.6455 test_bulk_spearman=0.5505
[2026-03-27 15:35:54] [stage_7 73/100] target=hsa-mir-1296 | building features
[2026-03-27 15:35:55] [stage_7] target=hsa-mir-1296 | n_features=482 (mrna=346, cascade=136, missing=0)
[2026-03-27 15:36:31] [stage_7] target=hsa-mir-1296 | train_oof_r2=0.6409 train_oof_spearman=0.8598 | val_r2=0.6300 val_spearman=0.8504 | test_bulk_r2=0.8343 test_bulk_spearman=0.9160
[2026-03-27 15:36:31] [stage_7 74/100] target=hsa-mir-5581 | building features
[2026-03-27 15:36:32] [stage_7] target=hsa-mir-5581 | n_features=388 (mrna=252, cascade=136, missing=0)
[2026-03-27 15:37:01] [stage_7] target=hsa-mir-5581 | train_oof_r2=0.1214 train_oof_spearman=0.3545 | val_r2=0.1082 val_spearman=0.3544 | test_bulk_r2=0.4572 test_bulk_spearman=0.5491
[2026-03-27 15:37:01] [stage_7 75/100] target=hsa-mir-3187 | building features
[2026-03-27 15:37:02] [stage_7] target=hsa-mir-3187 | n_features=395 (mrna=259, cascade=136, missing=0)
[2026-03-27 15:37:32] [stage_7] target=hsa-mir-3187 | train_oof_r2=0.1744 train_oof_spearman=0.4378 | val_r2=0.1800 val_spearman=0.4397 | test_bulk_r2=0.5741 test_bulk_spearman=0.6368
[2026-03-27 15:37:32] [stage_7 76/100] target=hsa-mir-3619 | building features
[2026-03-27 15:37:33] [stage_7] target=hsa-mir-3619 | n_features=321 (mrna=185, cascade=136, missing=0)
[2026-03-27 15:37:58] [stage_7] target=hsa-mir-3619 | train_oof_r2=0.3002 train_oof_spearman=0.3685 | val_r2=0.3020 val_spearman=0.3929 | test_bulk_r2=0.5214 test_bulk_spearman=0.4652
[2026-03-27 15:37:58] [stage_7 77/100] target=hsa-mir-504 | building features
[2026-03-27 15:37:59] [stage_7] target=hsa-mir-504 | n_features=695 (mrna=559, cascade=136, missing=0)
[2026-03-27 15:38:51] [stage_7] target=hsa-mir-504 | train_oof_r2=0.8148 train_oof_spearman=0.8874 | val_r2=0.8123 val_spearman=0.8848 | test_bulk_r2=0.9560 test_bulk_spearman=0.9681
[2026-03-27 15:38:51] [stage_7 78/100] target=hsa-mir-150 | building features
[2026-03-27 15:38:52] [stage_7] target=hsa-mir-150 | n_features=474 (mrna=338, cascade=136, missing=0)
[2026-03-27 15:39:29] [stage_7] target=hsa-mir-150 | train_oof_r2=0.9384 train_oof_spearman=0.9425 | val_r2=0.9332 val_spearman=0.9425 | test_bulk_r2=0.8779 test_bulk_spearman=0.9239
[2026-03-27 15:39:29] [stage_7 79/100] target=hsa-mir-652 | building features
[2026-03-27 15:39:30] [stage_7] target=hsa-mir-652 | n_features=533 (mrna=397, cascade=136, missing=0)
[2026-03-27 15:40:09] [stage_7] target=hsa-mir-652 | train_oof_r2=0.4424 train_oof_spearman=0.7086 | val_r2=0.4525 val_spearman=0.7226 | test_bulk_r2=0.9445 test_bulk_spearman=0.9724
[2026-03-27 15:40:09] [stage_7 80/100] target=hsa-mir-122 | building features
[2026-03-27 15:40:10] [stage_7] target=hsa-mir-122 | n_features=528 (mrna=392, cascade=136, missing=0)
[2026-03-27 15:40:49] [stage_7] target=hsa-mir-122 | train_oof_r2=0.6954 train_oof_spearman=0.7495 | val_r2=0.6804 val_spearman=0.7626 | test_bulk_r2=0.7199 test_bulk_spearman=0.7590
[2026-03-27 15:40:49] [stage_7 81/100] target=hsa-mir-629 | building features
[2026-03-27 15:40:50] [stage_7] target=hsa-mir-629 | n_features=523 (mrna=387, cascade=136, missing=0)
[2026-03-27 15:41:28] [stage_7] target=hsa-mir-629 | train_oof_r2=0.5748 train_oof_spearman=0.8162 | val_r2=0.6037 val_spearman=0.8317 | test_bulk_r2=0.8688 test_bulk_spearman=0.9372
[2026-03-27 15:41:28] [stage_7 82/100] target=hsa-mir-181a-2 | building features
[2026-03-27 15:41:30] [stage_7] target=hsa-mir-181a-2 | n_features=701 (mrna=565, cascade=136, missing=0)
[2026-03-27 15:42:22] [stage_7] target=hsa-mir-181a-2 | train_oof_r2=0.6976 train_oof_spearman=0.8354 | val_r2=0.7262 val_spearman=0.8481 | test_bulk_r2=0.9529 test_bulk_spearman=0.9767
[2026-03-27 15:42:22] [stage_7 83/100] target=hsa-mir-624 | building features
[2026-03-27 15:42:23] [stage_7] target=hsa-mir-624 | n_features=481 (mrna=345, cascade=136, missing=0)
[2026-03-27 15:42:58] [stage_7] target=hsa-mir-624 | train_oof_r2=0.2431 train_oof_spearman=0.3109 | val_r2=0.2843 val_spearman=0.3482 | test_bulk_r2=0.4906 test_bulk_spearman=0.6261
[2026-03-27 15:42:58] [stage_7 84/100] target=hsa-let-7a-2 | building features
[2026-03-27 15:43:00] [stage_7] target=hsa-let-7a-2 | n_features=591 (mrna=455, cascade=136, missing=0)
[2026-03-27 15:43:42] [stage_7] target=hsa-let-7a-2 | train_oof_r2=0.9424 train_oof_spearman=0.9090 | val_r2=0.9473 val_spearman=0.9092 | test_bulk_r2=0.9873 test_bulk_spearman=0.9390
[2026-03-27 15:43:42] [stage_7 85/100] target=hsa-mir-2355 | building features
[2026-03-27 15:43:43] [stage_7] target=hsa-mir-2355 | n_features=576 (mrna=440, cascade=136, missing=0)
[2026-03-27 15:44:26] [stage_7] target=hsa-mir-2355 | train_oof_r2=0.5206 train_oof_spearman=0.8196 | val_r2=0.5134 val_spearman=0.8185 | test_bulk_r2=0.8653 test_bulk_spearman=0.9366
[2026-03-27 15:44:26] [stage_7 86/100] target=hsa-mir-874 | building features
[2026-03-27 15:44:28] [stage_7] target=hsa-mir-874 | n_features=567 (mrna=431, cascade=136, missing=0)
[2026-03-27 15:45:10] [stage_7] target=hsa-mir-874 | train_oof_r2=0.5172 train_oof_spearman=0.7426 | val_r2=0.5223 val_spearman=0.7395 | test_bulk_r2=0.8834 test_bulk_spearman=0.9396
[2026-03-27 15:45:10] [stage_7 87/100] target=hsa-mir-3146 | building features
[2026-03-27 15:45:11] [stage_7] target=hsa-mir-3146 | n_features=194 (mrna=58, cascade=136, missing=0)
[2026-03-27 15:45:26] [stage_7] target=hsa-mir-3146 | train_oof_r2=0.0450 train_oof_spearman=0.3405 | val_r2=0.0975 val_spearman=0.3647 | test_bulk_r2=0.1735 test_bulk_spearman=0.3252
[2026-03-27 15:45:26] [stage_7 88/100] target=hsa-mir-200b | building features
[2026-03-27 15:45:27] [stage_7] target=hsa-mir-200b | n_features=419 (mrna=283, cascade=136, missing=0)
[2026-03-27 15:45:58] [stage_7] target=hsa-mir-200b | train_oof_r2=0.7143 train_oof_spearman=0.7936 | val_r2=0.7164 val_spearman=0.7886 | test_bulk_r2=0.9394 test_bulk_spearman=0.9484
[2026-03-27 15:45:58] [stage_7 89/100] target=hsa-mir-4664 | building features
[2026-03-27 15:45:59] [stage_7] target=hsa-mir-4664 | n_features=259 (mrna=123, cascade=136, missing=0)
[2026-03-27 15:46:19] [stage_7] target=hsa-mir-4664 | train_oof_r2=0.3664 train_oof_spearman=0.4664 | val_r2=0.4011 val_spearman=0.4841 | test_bulk_r2=0.6545 test_bulk_spearman=0.7241
[2026-03-27 15:46:19] [stage_7 90/100] target=hsa-mir-5579 | building features
[2026-03-27 15:46:20] [stage_7] target=hsa-mir-5579 | n_features=297 (mrna=161, cascade=136, missing=0)
[2026-03-27 15:46:43] [stage_7] target=hsa-mir-5579 | train_oof_r2=0.1903 train_oof_spearman=0.5250 | val_r2=0.2137 val_spearman=0.5364 | test_bulk_r2=0.5158 test_bulk_spearman=0.5638
[2026-03-27 15:46:43] [stage_7 91/100] target=hsa-mir-3140 | building features
[2026-03-27 15:46:44] [stage_7] target=hsa-mir-3140 | n_features=213 (mrna=77, cascade=136, missing=0)
[2026-03-27 15:47:02] [stage_7] target=hsa-mir-3140 | train_oof_r2=0.2418 train_oof_spearman=0.5816 | val_r2=0.2401 val_spearman=0.6026 | test_bulk_r2=0.5249 test_bulk_spearman=0.5845
[2026-03-27 15:47:02] [stage_7 92/100] target=hsa-mir-551b | building features
[2026-03-27 15:47:03] [stage_7] target=hsa-mir-551b | n_features=463 (mrna=327, cascade=136, missing=0)
[2026-03-27 15:47:37] [stage_7] target=hsa-mir-551b | train_oof_r2=0.4332 train_oof_spearman=0.7131 | val_r2=0.4389 val_spearman=0.7233 | test_bulk_r2=0.6546 test_bulk_spearman=0.7670
[2026-03-27 15:47:37] [stage_7 93/100] target=hsa-mir-3663 | building features
[2026-03-27 15:47:38] [stage_7] target=hsa-mir-3663 | n_features=333 (mrna=197, cascade=136, missing=0)
[2026-03-27 15:48:01] [stage_7] target=hsa-mir-3663 | train_oof_r2=0.3231 train_oof_spearman=0.4022 | val_r2=0.3748 val_spearman=0.4392 | test_bulk_r2=0.8605 test_bulk_spearman=0.4887
[2026-03-27 15:48:01] [stage_7 94/100] target=hsa-mir-1249 | building features
[2026-03-27 15:48:03] [stage_7] target=hsa-mir-1249 | n_features=617 (mrna=481, cascade=136, missing=0)
[2026-03-27 15:48:49] [stage_7] target=hsa-mir-1249 | train_oof_r2=0.4615 train_oof_spearman=0.7437 | val_r2=0.4823 val_spearman=0.7473 | test_bulk_r2=0.8729 test_bulk_spearman=0.9117
[2026-03-27 15:48:49] [stage_7 95/100] target=hsa-mir-497 | building features
[2026-03-27 15:48:51] [stage_7] target=hsa-mir-497 | n_features=725 (mrna=589, cascade=136, missing=0)
[2026-03-27 15:49:45] [stage_7] target=hsa-mir-497 | train_oof_r2=0.6233 train_oof_spearman=0.7429 | val_r2=0.6586 val_spearman=0.7571 | test_bulk_r2=0.9237 test_bulk_spearman=0.8720
[2026-03-27 15:49:45] [stage_7 96/100] target=hsa-mir-95 | building features
[2026-03-27 15:49:46] [stage_7] target=hsa-mir-95 | n_features=368 (mrna=232, cascade=136, missing=0)
[2026-03-27 15:50:15] [stage_7] target=hsa-mir-95 | train_oof_r2=0.8744 train_oof_spearman=0.9139 | val_r2=0.8796 val_spearman=0.9172 | test_bulk_r2=0.9717 test_bulk_spearman=0.9793
[2026-03-27 15:50:15] [stage_7 97/100] target=hsa-mir-1294 | building features
[2026-03-27 15:50:16] [stage_7] target=hsa-mir-1294 | n_features=399 (mrna=263, cascade=136, missing=0)
[2026-03-27 15:50:44] [stage_7] target=hsa-mir-1294 | train_oof_r2=0.3648 train_oof_spearman=0.6429 | val_r2=0.3692 val_spearman=0.6635 | test_bulk_r2=0.7119 test_bulk_spearman=0.7058
[2026-03-27 15:50:44] [stage_7 98/100] target=hsa-mir-3127 | building features
[2026-03-27 15:50:45] [stage_7] target=hsa-mir-3127 | n_features=453 (mrna=317, cascade=136, missing=0)
[2026-03-27 15:51:21] [stage_7] target=hsa-mir-3127 | train_oof_r2=0.7681 train_oof_spearman=0.8873 | val_r2=0.7892 val_spearman=0.8922 | test_bulk_r2=0.7470 test_bulk_spearman=0.8112
[2026-03-27 15:51:21] [stage_7 99/100] target=hsa-mir-370 | building features
[2026-03-27 15:51:23] [stage_7] target=hsa-mir-370 | n_features=652 (mrna=516, cascade=136, missing=0)
[2026-03-27 15:52:13] [stage_7] target=hsa-mir-370 | train_oof_r2=0.9455 train_oof_spearman=0.9590 | val_r2=0.9442 val_spearman=0.9586 | test_bulk_r2=0.9360 test_bulk_spearman=0.9533
[2026-03-27 15:52:13] [stage_7 100/100] target=hsa-mir-26a-1 | building features
[2026-03-27 15:52:15] [stage_7] target=hsa-mir-26a-1 | n_features=535 (mrna=399, cascade=136, missing=0)
[2026-03-27 15:52:54] [stage_7] target=hsa-mir-26a-1 | train_oof_r2=0.9283 train_oof_spearman=0.9178 | val_r2=0.9241 val_spearman=0.9153 | test_bulk_r2=0.9808 test_bulk_spearman=0.9251
[2026-03-27 15:52:54] Training finished
